{"/Users/k/Documents/home/PROJECT/p-write-vacy/p-write-vacy-react/src/App.tsx": {"path":"/Users/k/Documents/home/PROJECT/p-write-vacy/p-write-vacy-react/src/App.tsx","statementMap":{"0":{"start":{"line":1,"column":0},"end":{"line":1,"column":44}},"1":{"start":{"line":2,"column":0},"end":{"line":2,"column":45}},"2":{"start":{"line":3,"column":0},"end":{"line":3,"column":47}},"3":{"start":{"line":4,"column":0},"end":{"line":4,"column":61}},"4":{"start":{"line":5,"column":0},"end":{"line":5,"column":57}},"5":{"start":{"line":6,"column":0},"end":{"line":6,"column":61}},"6":{"start":{"line":7,"column":0},"end":{"line":7,"column":47}},"7":{"start":{"line":8,"column":0},"end":{"line":8,"column":53}},"8":{"start":{"line":10,"column":0},"end":{"line":10,"column":51}},"9":{"start":{"line":13,"column":21},"end":{"line":18,"column":2}},"10":{"start":{"line":20,"column":46},"end":{"line":30,"column":2}},"11":{"start":{"line":33,"column":16},"end":{"line":33,"column":26}},"12":{"start":{"line":34,"column":40},"end":{"line":34,"column":55}},"13":{"start":{"line":35,"column":44},"end":{"line":35,"column":58}},"14":{"start":{"line":36,"column":32},"end":{"line":36,"column":44}},"15":{"start":{"line":37,"column":44},"end":{"line":38,"column":null}},"16":{"start":{"line":40,"column":36},"end":{"line":40,"column":51}},"17":{"start":{"line":41,"column":32},"end":{"line":41,"column":54}},"18":{"start":{"line":44,"column":50},"end":{"line":44,"column":65}},"19":{"start":{"line":45,"column":44},"end":{"line":45,"column":73}},"20":{"start":{"line":46,"column":40},"end":{"line":46,"column":69}},"21":{"start":{"line":47,"column":44},"end":{"line":47,"column":66}},"22":{"start":{"line":48,"column":52},"end":{"line":48,"column":67}},"23":{"start":{"line":49,"column":46},"end":{"line":49,"column":57}},"24":{"start":{"line":52,"column":54},"end":{"line":52,"column":69}},"25":{"start":{"line":55,"column":38},"end":{"line":55,"column":71}},"26":{"start":{"line":56,"column":36},"end":{"line":56,"column":66}},"27":{"start":{"line":57,"column":46},"end":{"line":57,"column":61}},"28":{"start":{"line":58,"column":44},"end":{"line":58,"column":74}},"29":{"start":{"line":61,"column":25},"end":{"line":61,"column":86}},"30":{"start":{"line":64,"column":2},"end":{"line":67,"column":20}},"31":{"start":{"line":65,"column":4},"end":{"line":65,"column":33}},"32":{"start":{"line":70,"column":2},"end":{"line":75,"column":22}},"33":{"start":{"line":71,"column":4},"end":{"line":71,"column":19}},"34":{"start":{"line":72,"column":4},"end":{"line":72,"column":25}},"35":{"start":{"line":73,"column":4},"end":{"line":73,"column":25}},"36":{"start":{"line":74,"column":4},"end":{"line":74,"column":32}},"37":{"start":{"line":78,"column":2},"end":{"line":104,"column":9}},"38":{"start":{"line":79,"column":25},"end":{"line":79,"column":74}},"39":{"start":{"line":80,"column":26},"end":{"line":80,"column":75}},"40":{"start":{"line":81,"column":25},"end":{"line":81,"column":67}},"41":{"start":{"line":83,"column":4},"end":{"line":85,"column":5}},"42":{"start":{"line":84,"column":6},"end":{"line":84,"column":48}},"43":{"start":{"line":87,"column":4},"end":{"line":94,"column":5}},"44":{"start":{"line":88,"column":6},"end":{"line":93,"column":7}},"45":{"start":{"line":89,"column":31},"end":{"line":89,"column":56}},"46":{"start":{"line":90,"column":8},"end":{"line":90,"column":75}},"47":{"start":{"line":92,"column":8},"end":{"line":92,"column":60}},"48":{"start":{"line":96,"column":4},"end":{"line":103,"column":5}},"49":{"start":{"line":97,"column":6},"end":{"line":102,"column":7}},"50":{"start":{"line":98,"column":30},"end":{"line":98,"column":54}},"51":{"start":{"line":99,"column":8},"end":{"line":99,"column":34}},"52":{"start":{"line":101,"column":8},"end":{"line":101,"column":53}},"53":{"start":{"line":107,"column":2},"end":{"line":115,"column":31}},"54":{"start":{"line":108,"column":4},"end":{"line":108,"column":31}},"55":{"start":{"line":108,"column":24},"end":{"line":108,"column":31}},"56":{"start":{"line":110,"column":22},"end":{"line":112,"column":11}},"57":{"start":{"line":111,"column":6},"end":{"line":111,"column":58}},"58":{"start":{"line":114,"column":4},"end":{"line":114,"column":41}},"59":{"start":{"line":114,"column":17},"end":{"line":114,"column":40}},"60":{"start":{"line":118,"column":2},"end":{"line":120,"column":22}},"61":{"start":{"line":119,"column":4},"end":{"line":119,"column":77}},"62":{"start":{"line":123,"column":2},"end":{"line":128,"column":22}},"63":{"start":{"line":124,"column":4},"end":{"line":127,"column":6}},"64":{"start":{"line":131,"column":2},"end":{"line":133,"column":16}},"65":{"start":{"line":132,"column":4},"end":{"line":132,"column":72}},"66":{"start":{"line":136,"column":2},"end":{"line":209,"column":20}},"67":{"start":{"line":137,"column":26},"end":{"line":205,"column":5}},"68":{"start":{"line":139,"column":6},"end":{"line":144,"column":7}},"69":{"start":{"line":140,"column":8},"end":{"line":140,"column":27}},"70":{"start":{"line":141,"column":8},"end":{"line":141,"column":29}},"71":{"start":{"line":142,"column":8},"end":{"line":142,"column":23}},"72":{"start":{"line":143,"column":8},"end":{"line":143,"column":36}},"73":{"start":{"line":147,"column":6},"end":{"line":150,"column":7}},"74":{"start":{"line":148,"column":8},"end":{"line":148,"column":27}},"75":{"start":{"line":149,"column":8},"end":{"line":149,"column":45}},"76":{"start":{"line":149,"column":38},"end":{"line":149,"column":43}},"77":{"start":{"line":153,"column":6},"end":{"line":156,"column":7}},"78":{"start":{"line":154,"column":8},"end":{"line":154,"column":27}},"79":{"start":{"line":155,"column":8},"end":{"line":155,"column":42}},"80":{"start":{"line":155,"column":35},"end":{"line":155,"column":40}},"81":{"start":{"line":159,"column":6},"end":{"line":168,"column":7}},"82":{"start":{"line":160,"column":8},"end":{"line":160,"column":27}},"83":{"start":{"line":161,"column":8},"end":{"line":167,"column":11}},"84":{"start":{"line":162,"column":29},"end":{"line":162,"column":59}},"85":{"start":{"line":163,"column":10},"end":{"line":165,"column":11}},"86":{"start":{"line":164,"column":12},"end":{"line":164,"column":73}},"87":{"start":{"line":166,"column":10},"end":{"line":166,"column":50}},"88":{"start":{"line":171,"column":6},"end":{"line":180,"column":7}},"89":{"start":{"line":172,"column":8},"end":{"line":172,"column":27}},"90":{"start":{"line":173,"column":8},"end":{"line":179,"column":11}},"91":{"start":{"line":174,"column":29},"end":{"line":174,"column":60}},"92":{"start":{"line":175,"column":10},"end":{"line":177,"column":11}},"93":{"start":{"line":176,"column":12},"end":{"line":176,"column":73}},"94":{"start":{"line":178,"column":10},"end":{"line":178,"column":50}},"95":{"start":{"line":183,"column":6},"end":{"line":192,"column":7}},"96":{"start":{"line":184,"column":8},"end":{"line":184,"column":27}},"97":{"start":{"line":185,"column":8},"end":{"line":191,"column":11}},"98":{"start":{"line":186,"column":29},"end":{"line":186,"column":59}},"99":{"start":{"line":187,"column":10},"end":{"line":189,"column":11}},"100":{"start":{"line":188,"column":12},"end":{"line":188,"column":73}},"101":{"start":{"line":190,"column":10},"end":{"line":190,"column":50}},"102":{"start":{"line":195,"column":6},"end":{"line":204,"column":7}},"103":{"start":{"line":196,"column":8},"end":{"line":196,"column":27}},"104":{"start":{"line":197,"column":8},"end":{"line":203,"column":11}},"105":{"start":{"line":198,"column":29},"end":{"line":198,"column":60}},"106":{"start":{"line":199,"column":10},"end":{"line":201,"column":11}},"107":{"start":{"line":200,"column":12},"end":{"line":200,"column":73}},"108":{"start":{"line":202,"column":10},"end":{"line":202,"column":50}},"109":{"start":{"line":207,"column":4},"end":{"line":207,"column":56}},"110":{"start":{"line":208,"column":4},"end":{"line":208,"column":72}},"111":{"start":{"line":208,"column":17},"end":{"line":208,"column":71}},"112":{"start":{"line":211,"column":30},"end":{"line":219,"column":3}},"113":{"start":{"line":212,"column":4},"end":{"line":212,"column":68}},"114":{"start":{"line":213,"column":4},"end":{"line":213,"column":60}},"115":{"start":{"line":214,"column":4},"end":{"line":214,"column":27}},"116":{"start":{"line":215,"column":4},"end":{"line":218,"column":5}},"117":{"start":{"line":216,"column":6},"end":{"line":216,"column":40}},"118":{"start":{"line":217,"column":6},"end":{"line":217,"column":33}},"119":{"start":{"line":221,"column":31},"end":{"line":223,"column":3}},"120":{"start":{"line":222,"column":4},"end":{"line":222,"column":34}},"121":{"start":{"line":226,"column":27},"end":{"line":239,"column":3}},"122":{"start":{"line":227,"column":4},"end":{"line":230,"column":5}},"123":{"start":{"line":228,"column":6},"end":{"line":228,"column":47}},"124":{"start":{"line":229,"column":6},"end":{"line":229,"column":13}},"125":{"start":{"line":232,"column":30},"end":{"line":236,"column":6}},"126":{"start":{"line":238,"column":4},"end":{"line":238,"column":40}},"127":{"start":{"line":241,"column":27},"end":{"line":243,"column":3}},"128":{"start":{"line":242,"column":4},"end":{"line":242,"column":38}},"129":{"start":{"line":245,"column":29},"end":{"line":251,"column":3}},"130":{"start":{"line":246,"column":4},"end":{"line":250,"column":6}},"131":{"start":{"line":248,"column":8},"end":{"line":248,"column":72}},"132":{"start":{"line":253,"column":29},"end":{"line":255,"column":3}},"133":{"start":{"line":254,"column":4},"end":{"line":254,"column":51}},"134":{"start":{"line":254,"column":37},"end":{"line":254,"column":48}},"135":{"start":{"line":258,"column":29},"end":{"line":265,"column":4}},"136":{"start":{"line":258,"column":40},"end":{"line":265,"column":4}},"137":{"start":{"line":259,"column":4},"end":{"line":259,"column":33}},"138":{"start":{"line":259,"column":26},"end":{"line":259,"column":33}},"139":{"start":{"line":260,"column":23},"end":{"line":260,"column":59}},"140":{"start":{"line":261,"column":4},"end":{"line":264,"column":5}},"141":{"start":{"line":262,"column":6},"end":{"line":262,"column":35}},"142":{"start":{"line":263,"column":6},"end":{"line":263,"column":32}},"143":{"start":{"line":267,"column":27},"end":{"line":302,"column":4}},"144":{"start":{"line":267,"column":54},"end":{"line":302,"column":4}},"145":{"start":{"line":268,"column":4},"end":{"line":268,"column":33}},"146":{"start":{"line":268,"column":26},"end":{"line":268,"column":33}},"147":{"start":{"line":271,"column":4},"end":{"line":286,"column":5}},"148":{"start":{"line":272,"column":31},"end":{"line":272,"column":74}},"149":{"start":{"line":273,"column":25},"end":{"line":273,"column":78}},"150":{"start":{"line":274,"column":6},"end":{"line":274,"column":34}},"151":{"start":{"line":276,"column":6},"end":{"line":285,"column":7}},"152":{"start":{"line":278,"column":8},"end":{"line":278,"column":31}},"153":{"start":{"line":279,"column":8},"end":{"line":279,"column":43}},"154":{"start":{"line":280,"column":8},"end":{"line":280,"column":32}},"155":{"start":{"line":281,"column":8},"end":{"line":284,"column":17}},"156":{"start":{"line":282,"column":10},"end":{"line":282,"column":35}},"157":{"start":{"line":283,"column":10},"end":{"line":283,"column":38}},"158":{"start":{"line":289,"column":19},"end":{"line":289,"column":59}},"159":{"start":{"line":290,"column":4},"end":{"line":301,"column":5}},"160":{"start":{"line":291,"column":6},"end":{"line":291,"column":44}},"161":{"start":{"line":292,"column":6},"end":{"line":292,"column":71}},"162":{"start":{"line":293,"column":6},"end":{"line":293,"column":66}},"163":{"start":{"line":294,"column":6},"end":{"line":294,"column":31}},"164":{"start":{"line":295,"column":6},"end":{"line":295,"column":35}},"165":{"start":{"line":296,"column":6},"end":{"line":296,"column":33}},"166":{"start":{"line":297,"column":6},"end":{"line":297,"column":34}},"167":{"start":{"line":299,"column":6},"end":{"line":299,"column":58}},"168":{"start":{"line":300,"column":6},"end":{"line":300,"column":47}},"169":{"start":{"line":304,"column":30},"end":{"line":306,"column":3}},"170":{"start":{"line":305,"column":4},"end":{"line":305,"column":36}},"171":{"start":{"line":309,"column":32},"end":{"line":313,"column":3}},"172":{"start":{"line":310,"column":4},"end":{"line":310,"column":35}},"173":{"start":{"line":311,"column":4},"end":{"line":311,"column":25}},"174":{"start":{"line":316,"column":38},"end":{"line":348,"column":4}},"175":{"start":{"line":316,"column":65},"end":{"line":348,"column":4}},"176":{"start":{"line":317,"column":4},"end":{"line":317,"column":33}},"177":{"start":{"line":317,"column":26},"end":{"line":317,"column":33}},"178":{"start":{"line":320,"column":4},"end":{"line":335,"column":5}},"179":{"start":{"line":321,"column":31},"end":{"line":321,"column":74}},"180":{"start":{"line":322,"column":25},"end":{"line":322,"column":78}},"181":{"start":{"line":323,"column":6},"end":{"line":323,"column":34}},"182":{"start":{"line":325,"column":6},"end":{"line":334,"column":7}},"183":{"start":{"line":327,"column":8},"end":{"line":327,"column":31}},"184":{"start":{"line":328,"column":8},"end":{"line":328,"column":43}},"185":{"start":{"line":329,"column":8},"end":{"line":329,"column":32}},"186":{"start":{"line":330,"column":8},"end":{"line":333,"column":17}},"187":{"start":{"line":331,"column":10},"end":{"line":331,"column":35}},"188":{"start":{"line":332,"column":10},"end":{"line":332,"column":38}},"189":{"start":{"line":338,"column":19},"end":{"line":338,"column":59}},"190":{"start":{"line":339,"column":4},"end":{"line":347,"column":5}},"191":{"start":{"line":340,"column":6},"end":{"line":340,"column":44}},"192":{"start":{"line":341,"column":6},"end":{"line":341,"column":31}},"193":{"start":{"line":342,"column":6},"end":{"line":342,"column":33}},"194":{"start":{"line":343,"column":6},"end":{"line":343,"column":34}},"195":{"start":{"line":345,"column":6},"end":{"line":345,"column":58}},"196":{"start":{"line":346,"column":6},"end":{"line":346,"column":47}},"197":{"start":{"line":350,"column":27},"end":{"line":364,"column":4}},"198":{"start":{"line":350,"column":54},"end":{"line":364,"column":4}},"199":{"start":{"line":351,"column":4},"end":{"line":351,"column":51}},"200":{"start":{"line":351,"column":44},"end":{"line":351,"column":51}},"201":{"start":{"line":353,"column":19},"end":{"line":353,"column":76}},"202":{"start":{"line":354,"column":4},"end":{"line":363,"column":5}},"203":{"start":{"line":355,"column":6},"end":{"line":355,"column":34}},"204":{"start":{"line":356,"column":6},"end":{"line":356,"column":21}},"205":{"start":{"line":357,"column":6},"end":{"line":357,"column":34}},"206":{"start":{"line":359,"column":6},"end":{"line":359,"column":44}},"207":{"start":{"line":359,"column":34},"end":{"line":359,"column":42}},"208":{"start":{"line":360,"column":6},"end":{"line":360,"column":35}},"209":{"start":{"line":362,"column":6},"end":{"line":362,"column":47}},"210":{"start":{"line":366,"column":27},"end":{"line":375,"column":3}},"211":{"start":{"line":368,"column":4},"end":{"line":372,"column":5}},"212":{"start":{"line":369,"column":6},"end":{"line":369,"column":27}},"213":{"start":{"line":370,"column":6},"end":{"line":370,"column":21}},"214":{"start":{"line":371,"column":6},"end":{"line":371,"column":34}},"215":{"start":{"line":374,"column":4},"end":{"line":374,"column":72}},"216":{"start":{"line":374,"column":29},"end":{"line":374,"column":70}},"217":{"start":{"line":374,"column":49},"end":{"line":374,"column":69}},"218":{"start":{"line":378,"column":2},"end":{"line":415,"column":48}},"219":{"start":{"line":379,"column":4},"end":{"line":379,"column":71}},"220":{"start":{"line":379,"column":64},"end":{"line":379,"column":71}},"221":{"start":{"line":382,"column":4},"end":{"line":382,"column":28}},"222":{"start":{"line":384,"column":22},"end":{"line":412,"column":12}},"223":{"start":{"line":384,"column":44},"end":{"line":412,"column":7}},"224":{"start":{"line":385,"column":6},"end":{"line":385,"column":51}},"225":{"start":{"line":385,"column":44},"end":{"line":385,"column":51}},"226":{"start":{"line":387,"column":6},"end":{"line":387,"column":52}},"227":{"start":{"line":388,"column":6},"end":{"line":388,"column":95}},"228":{"start":{"line":389,"column":21},"end":{"line":389,"column":74}},"229":{"start":{"line":390,"column":6},"end":{"line":411,"column":7}},"230":{"start":{"line":391,"column":8},"end":{"line":391,"column":47}},"231":{"start":{"line":392,"column":8},"end":{"line":392,"column":36}},"232":{"start":{"line":393,"column":8},"end":{"line":393,"column":31}},"233":{"start":{"line":394,"column":8},"end":{"line":394,"column":36}},"234":{"start":{"line":395,"column":8},"end":{"line":395,"column":32}},"235":{"start":{"line":398,"column":8},"end":{"line":400,"column":17}},"236":{"start":{"line":399,"column":10},"end":{"line":399,"column":35}},"237":{"start":{"line":402,"column":8},"end":{"line":402,"column":60}},"238":{"start":{"line":403,"column":8},"end":{"line":403,"column":31}},"239":{"start":{"line":404,"column":8},"end":{"line":404,"column":35}},"240":{"start":{"line":405,"column":8},"end":{"line":405,"column":32}},"241":{"start":{"line":408,"column":8},"end":{"line":410,"column":17}},"242":{"start":{"line":409,"column":10},"end":{"line":409,"column":35}},"243":{"start":{"line":414,"column":4},"end":{"line":414,"column":41}},"244":{"start":{"line":414,"column":17},"end":{"line":414,"column":40}},"245":{"start":{"line":419,"column":2},"end":{"line":701,"column":4}},"246":{"start":{"line":423,"column":26},"end":{"line":423,"column":44}},"247":{"start":{"line":424,"column":26},"end":{"line":424,"column":45}},"248":{"start":{"line":444,"column":25},"end":{"line":444,"column":61}},"249":{"start":{"line":444,"column":55},"end":{"line":444,"column":60}},"250":{"start":{"line":567,"column":27},"end":{"line":567,"column":60}},"251":{"start":{"line":567,"column":54},"end":{"line":567,"column":59}},"252":{"start":{"line":625,"column":27},"end":{"line":625,"column":65}},"253":{"start":{"line":625,"column":59},"end":{"line":625,"column":64}},"254":{"start":{"line":674,"column":23},"end":{"line":674,"column":43}},"255":{"start":{"line":680,"column":23},"end":{"line":680,"column":44}},"256":{"start":{"line":682,"column":31},"end":{"line":682,"column":64}},"257":{"start":{"line":682,"column":58},"end":{"line":682,"column":63}},"258":{"start":{"line":704,"column":0},"end":{"line":704,"column":19}}},"fnMap":{"0":{"name":"App","decl":{"start":{"line":32,"column":9},"end":{"line":32,"column":12}},"loc":{"start":{"line":32,"column":12},"end":{"line":702,"column":1}}},"1":{"name":"(anonymous_8)","decl":{"start":{"line":64,"column":12},"end":{"line":64,"column":15}},"loc":{"start":{"line":64,"column":17},"end":{"line":67,"column":3}}},"2":{"name":"(anonymous_9)","decl":{"start":{"line":70,"column":12},"end":{"line":70,"column":15}},"loc":{"start":{"line":70,"column":17},"end":{"line":75,"column":3}}},"3":{"name":"(anonymous_10)","decl":{"start":{"line":78,"column":12},"end":{"line":78,"column":15}},"loc":{"start":{"line":78,"column":17},"end":{"line":104,"column":3}}},"4":{"name":"(anonymous_11)","decl":{"start":{"line":107,"column":12},"end":{"line":107,"column":15}},"loc":{"start":{"line":107,"column":17},"end":{"line":115,"column":3}}},"5":{"name":"(anonymous_12)","decl":{"start":{"line":110,"column":33},"end":{"line":110,"column":36}},"loc":{"start":{"line":110,"column":38},"end":{"line":112,"column":5}}},"6":{"name":"(anonymous_13)","decl":{"start":{"line":114,"column":11},"end":{"line":114,"column":14}},"loc":{"start":{"line":114,"column":17},"end":{"line":114,"column":40}}},"7":{"name":"(anonymous_14)","decl":{"start":{"line":118,"column":12},"end":{"line":118,"column":15}},"loc":{"start":{"line":118,"column":17},"end":{"line":120,"column":3}}},"8":{"name":"(anonymous_15)","decl":{"start":{"line":123,"column":12},"end":{"line":123,"column":15}},"loc":{"start":{"line":123,"column":17},"end":{"line":128,"column":3}}},"9":{"name":"(anonymous_16)","decl":{"start":{"line":131,"column":12},"end":{"line":131,"column":15}},"loc":{"start":{"line":131,"column":17},"end":{"line":133,"column":3}}},"10":{"name":"(anonymous_17)","decl":{"start":{"line":136,"column":12},"end":{"line":136,"column":15}},"loc":{"start":{"line":136,"column":17},"end":{"line":209,"column":3}}},"11":{"name":"(anonymous_18)","decl":{"start":{"line":137,"column":26},"end":{"line":137,"column":27}},"loc":{"start":{"line":137,"column":47},"end":{"line":205,"column":5}}},"12":{"name":"(anonymous_19)","decl":{"start":{"line":149,"column":28},"end":{"line":149,"column":29}},"loc":{"start":{"line":149,"column":38},"end":{"line":149,"column":43}}},"13":{"name":"(anonymous_20)","decl":{"start":{"line":155,"column":25},"end":{"line":155,"column":26}},"loc":{"start":{"line":155,"column":35},"end":{"line":155,"column":40}}},"14":{"name":"(anonymous_21)","decl":{"start":{"line":161,"column":25},"end":{"line":161,"column":26}},"loc":{"start":{"line":161,"column":34},"end":{"line":167,"column":9}}},"15":{"name":"(anonymous_22)","decl":{"start":{"line":173,"column":25},"end":{"line":173,"column":26}},"loc":{"start":{"line":173,"column":34},"end":{"line":179,"column":9}}},"16":{"name":"(anonymous_23)","decl":{"start":{"line":185,"column":25},"end":{"line":185,"column":26}},"loc":{"start":{"line":185,"column":34},"end":{"line":191,"column":9}}},"17":{"name":"(anonymous_24)","decl":{"start":{"line":197,"column":25},"end":{"line":197,"column":26}},"loc":{"start":{"line":197,"column":34},"end":{"line":203,"column":9}}},"18":{"name":"(anonymous_25)","decl":{"start":{"line":208,"column":11},"end":{"line":208,"column":14}},"loc":{"start":{"line":208,"column":17},"end":{"line":208,"column":71}}},"19":{"name":"(anonymous_26)","decl":{"start":{"line":211,"column":30},"end":{"line":211,"column":31}},"loc":{"start":{"line":211,"column":53},"end":{"line":219,"column":3}}},"20":{"name":"(anonymous_27)","decl":{"start":{"line":221,"column":31},"end":{"line":221,"column":32}},"loc":{"start":{"line":221,"column":62},"end":{"line":223,"column":3}}},"21":{"name":"(anonymous_28)","decl":{"start":{"line":226,"column":27},"end":{"line":226,"column":28}},"loc":{"start":{"line":226,"column":44},"end":{"line":239,"column":3}}},"22":{"name":"(anonymous_29)","decl":{"start":{"line":241,"column":27},"end":{"line":241,"column":28}},"loc":{"start":{"line":241,"column":46},"end":{"line":243,"column":3}}},"23":{"name":"(anonymous_30)","decl":{"start":{"line":245,"column":29},"end":{"line":245,"column":30}},"loc":{"start":{"line":245,"column":58},"end":{"line":251,"column":3}}},"24":{"name":"(anonymous_31)","decl":{"start":{"line":247,"column":18},"end":{"line":247,"column":19}},"loc":{"start":{"line":248,"column":8},"end":{"line":248,"column":72}}},"25":{"name":"(anonymous_32)","decl":{"start":{"line":253,"column":29},"end":{"line":253,"column":30}},"loc":{"start":{"line":253,"column":44},"end":{"line":255,"column":3}}},"26":{"name":"(anonymous_33)","decl":{"start":{"line":254,"column":30},"end":{"line":254,"column":31}},"loc":{"start":{"line":254,"column":37},"end":{"line":254,"column":48}}},"27":{"name":"(anonymous_34)","decl":{"start":{"line":258,"column":29},"end":{"line":258,"column":38}},"loc":{"start":{"line":258,"column":40},"end":{"line":265,"column":4}}},"28":{"name":"(anonymous_35)","decl":{"start":{"line":258,"column":40},"end":{"line":258,"column":null}},"loc":{"start":{"line":258,"column":40},"end":{"line":265,"column":3}}},"29":{"name":"(anonymous_36)","decl":{"start":{"line":267,"column":27},"end":{"line":267,"column":34}},"loc":{"start":{"line":267,"column":54},"end":{"line":302,"column":4}}},"30":{"name":"(anonymous_37)","decl":{"start":{"line":267,"column":54},"end":{"line":267,"column":null}},"loc":{"start":{"line":267,"column":54},"end":{"line":302,"column":3}}},"31":{"name":"(anonymous_38)","decl":{"start":{"line":281,"column":19},"end":{"line":281,"column":22}},"loc":{"start":{"line":281,"column":24},"end":{"line":284,"column":9}}},"32":{"name":"(anonymous_39)","decl":{"start":{"line":304,"column":30},"end":{"line":304,"column":31}},"loc":{"start":{"line":304,"column":58},"end":{"line":306,"column":3}}},"33":{"name":"(anonymous_40)","decl":{"start":{"line":309,"column":32},"end":{"line":309,"column":33}},"loc":{"start":{"line":309,"column":55},"end":{"line":313,"column":3}}},"34":{"name":"(anonymous_41)","decl":{"start":{"line":316,"column":38},"end":{"line":316,"column":45}},"loc":{"start":{"line":316,"column":65},"end":{"line":348,"column":4}}},"35":{"name":"(anonymous_42)","decl":{"start":{"line":316,"column":65},"end":{"line":316,"column":null}},"loc":{"start":{"line":316,"column":65},"end":{"line":348,"column":3}}},"36":{"name":"(anonymous_43)","decl":{"start":{"line":330,"column":19},"end":{"line":330,"column":22}},"loc":{"start":{"line":330,"column":24},"end":{"line":333,"column":9}}},"37":{"name":"(anonymous_44)","decl":{"start":{"line":350,"column":27},"end":{"line":350,"column":34}},"loc":{"start":{"line":350,"column":54},"end":{"line":364,"column":4}}},"38":{"name":"(anonymous_45)","decl":{"start":{"line":350,"column":54},"end":{"line":350,"column":null}},"loc":{"start":{"line":350,"column":54},"end":{"line":364,"column":3}}},"39":{"name":"(anonymous_46)","decl":{"start":{"line":359,"column":24},"end":{"line":359,"column":25}},"loc":{"start":{"line":359,"column":34},"end":{"line":359,"column":42}}},"40":{"name":"(anonymous_47)","decl":{"start":{"line":366,"column":27},"end":{"line":366,"column":28}},"loc":{"start":{"line":366,"column":51},"end":{"line":375,"column":3}}},"41":{"name":"(anonymous_48)","decl":{"start":{"line":374,"column":21},"end":{"line":374,"column":25}},"loc":{"start":{"line":374,"column":29},"end":{"line":374,"column":70}}},"42":{"name":"(anonymous_49)","decl":{"start":{"line":374,"column":41},"end":{"line":374,"column":45}},"loc":{"start":{"line":374,"column":49},"end":{"line":374,"column":69}}},"43":{"name":"(anonymous_50)","decl":{"start":{"line":378,"column":12},"end":{"line":378,"column":15}},"loc":{"start":{"line":378,"column":17},"end":{"line":415,"column":3}}},"44":{"name":"(anonymous_51)","decl":{"start":{"line":384,"column":33},"end":{"line":384,"column":42}},"loc":{"start":{"line":384,"column":44},"end":{"line":412,"column":7}}},"45":{"name":"(anonymous_52)","decl":{"start":{"line":384,"column":44},"end":{"line":384,"column":null}},"loc":{"start":{"line":384,"column":44},"end":{"line":412,"column":5}}},"46":{"name":"(anonymous_53)","decl":{"start":{"line":398,"column":19},"end":{"line":398,"column":22}},"loc":{"start":{"line":398,"column":24},"end":{"line":400,"column":9}}},"47":{"name":"(anonymous_54)","decl":{"start":{"line":408,"column":19},"end":{"line":408,"column":22}},"loc":{"start":{"line":408,"column":24},"end":{"line":410,"column":9}}},"48":{"name":"(anonymous_55)","decl":{"start":{"line":414,"column":11},"end":{"line":414,"column":14}},"loc":{"start":{"line":414,"column":17},"end":{"line":414,"column":40}}},"49":{"name":"(anonymous_56)","decl":{"start":{"line":423,"column":20},"end":{"line":423,"column":23}},"loc":{"start":{"line":423,"column":26},"end":{"line":423,"column":44}}},"50":{"name":"(anonymous_57)","decl":{"start":{"line":424,"column":20},"end":{"line":424,"column":23}},"loc":{"start":{"line":424,"column":26},"end":{"line":424,"column":45}}},"51":{"name":"(anonymous_58)","decl":{"start":{"line":444,"column":19},"end":{"line":444,"column":22}},"loc":{"start":{"line":444,"column":25},"end":{"line":444,"column":61}}},"52":{"name":"(anonymous_59)","decl":{"start":{"line":444,"column":45},"end":{"line":444,"column":46}},"loc":{"start":{"line":444,"column":55},"end":{"line":444,"column":60}}},"53":{"name":"(anonymous_60)","decl":{"start":{"line":567,"column":21},"end":{"line":567,"column":24}},"loc":{"start":{"line":567,"column":27},"end":{"line":567,"column":60}}},"54":{"name":"(anonymous_61)","decl":{"start":{"line":567,"column":44},"end":{"line":567,"column":45}},"loc":{"start":{"line":567,"column":54},"end":{"line":567,"column":59}}},"55":{"name":"(anonymous_62)","decl":{"start":{"line":625,"column":21},"end":{"line":625,"column":24}},"loc":{"start":{"line":625,"column":27},"end":{"line":625,"column":65}}},"56":{"name":"(anonymous_63)","decl":{"start":{"line":625,"column":49},"end":{"line":625,"column":50}},"loc":{"start":{"line":625,"column":59},"end":{"line":625,"column":64}}},"57":{"name":"(anonymous_64)","decl":{"start":{"line":674,"column":17},"end":{"line":674,"column":20}},"loc":{"start":{"line":674,"column":23},"end":{"line":674,"column":43}}},"58":{"name":"(anonymous_65)","decl":{"start":{"line":680,"column":17},"end":{"line":680,"column":20}},"loc":{"start":{"line":680,"column":23},"end":{"line":680,"column":44}}},"59":{"name":"(anonymous_66)","decl":{"start":{"line":682,"column":25},"end":{"line":682,"column":28}},"loc":{"start":{"line":682,"column":31},"end":{"line":682,"column":64}}},"60":{"name":"(anonymous_67)","decl":{"start":{"line":682,"column":48},"end":{"line":682,"column":49}},"loc":{"start":{"line":682,"column":58},"end":{"line":682,"column":63}}}},"branchMap":{"0":{"loc":{"start":{"line":61,"column":25},"end":{"line":61,"column":77}},"type":"cond-expr","locations":[{"start":{"line":61,"column":36},"end":{"line":61,"column":38}},{"start":{"line":61,"column":25},"end":{"line":61,"column":77}}]},"1":{"loc":{"start":{"line":61,"column":25},"end":{"line":61,"column":38}},"type":"binary-expr","locations":[{"start":{"line":61,"column":25},"end":{"line":61,"column":38}},{"start":{"line":61,"column":25},"end":{"line":61,"column":38}}]},"2":{"loc":{"start":{"line":83,"column":4},"end":{"line":85,"column":5}},"type":"if","locations":[{"start":{"line":83,"column":4},"end":{"line":85,"column":5}}]},"3":{"loc":{"start":{"line":87,"column":4},"end":{"line":94,"column":5}},"type":"if","locations":[{"start":{"line":87,"column":4},"end":{"line":94,"column":5}}]},"4":{"loc":{"start":{"line":96,"column":4},"end":{"line":103,"column":5}},"type":"if","locations":[{"start":{"line":96,"column":4},"end":{"line":103,"column":5}}]},"5":{"loc":{"start":{"line":108,"column":4},"end":{"line":108,"column":31}},"type":"if","locations":[{"start":{"line":108,"column":4},"end":{"line":108,"column":31}}]},"6":{"loc":{"start":{"line":139,"column":6},"end":{"line":144,"column":7}},"type":"if","locations":[{"start":{"line":139,"column":6},"end":{"line":144,"column":7}}]},"7":{"loc":{"start":{"line":139,"column":10},"end":{"line":139,"column":43}},"type":"binary-expr","locations":[{"start":{"line":139,"column":10},"end":{"line":139,"column":28}},{"start":{"line":139,"column":32},"end":{"line":139,"column":43}}]},"8":{"loc":{"start":{"line":147,"column":6},"end":{"line":150,"column":7}},"type":"if","locations":[{"start":{"line":147,"column":6},"end":{"line":150,"column":7}}]},"9":{"loc":{"start":{"line":147,"column":10},"end":{"line":147,"column":40}},"type":"binary-expr","locations":[{"start":{"line":147,"column":10},"end":{"line":147,"column":19}},{"start":{"line":147,"column":23},"end":{"line":147,"column":40}}]},"10":{"loc":{"start":{"line":153,"column":6},"end":{"line":156,"column":7}},"type":"if","locations":[{"start":{"line":153,"column":6},"end":{"line":156,"column":7}}]},"11":{"loc":{"start":{"line":153,"column":10},"end":{"line":153,"column":40}},"type":"binary-expr","locations":[{"start":{"line":153,"column":10},"end":{"line":153,"column":19}},{"start":{"line":153,"column":23},"end":{"line":153,"column":40}}]},"12":{"loc":{"start":{"line":159,"column":6},"end":{"line":168,"column":7}},"type":"if","locations":[{"start":{"line":159,"column":6},"end":{"line":168,"column":7}}]},"13":{"loc":{"start":{"line":159,"column":10},"end":{"line":159,"column":42}},"type":"binary-expr","locations":[{"start":{"line":159,"column":10},"end":{"line":159,"column":19}},{"start":{"line":159,"column":23},"end":{"line":159,"column":42}}]},"14":{"loc":{"start":{"line":163,"column":10},"end":{"line":165,"column":11}},"type":"if","locations":[{"start":{"line":163,"column":10},"end":{"line":165,"column":11}}]},"15":{"loc":{"start":{"line":171,"column":6},"end":{"line":180,"column":7}},"type":"if","locations":[{"start":{"line":171,"column":6},"end":{"line":180,"column":7}}]},"16":{"loc":{"start":{"line":171,"column":10},"end":{"line":171,"column":42}},"type":"binary-expr","locations":[{"start":{"line":171,"column":10},"end":{"line":171,"column":19}},{"start":{"line":171,"column":23},"end":{"line":171,"column":42}}]},"17":{"loc":{"start":{"line":175,"column":10},"end":{"line":177,"column":11}},"type":"if","locations":[{"start":{"line":175,"column":10},"end":{"line":177,"column":11}}]},"18":{"loc":{"start":{"line":183,"column":6},"end":{"line":192,"column":7}},"type":"if","locations":[{"start":{"line":183,"column":6},"end":{"line":192,"column":7}}]},"19":{"loc":{"start":{"line":183,"column":10},"end":{"line":183,"column":41}},"type":"binary-expr","locations":[{"start":{"line":183,"column":10},"end":{"line":183,"column":19}},{"start":{"line":183,"column":23},"end":{"line":183,"column":41}}]},"20":{"loc":{"start":{"line":187,"column":10},"end":{"line":189,"column":11}},"type":"if","locations":[{"start":{"line":187,"column":10},"end":{"line":189,"column":11}}]},"21":{"loc":{"start":{"line":195,"column":6},"end":{"line":204,"column":7}},"type":"if","locations":[{"start":{"line":195,"column":6},"end":{"line":204,"column":7}}]},"22":{"loc":{"start":{"line":195,"column":10},"end":{"line":195,"column":41}},"type":"binary-expr","locations":[{"start":{"line":195,"column":10},"end":{"line":195,"column":19}},{"start":{"line":195,"column":23},"end":{"line":195,"column":41}}]},"23":{"loc":{"start":{"line":199,"column":10},"end":{"line":201,"column":11}},"type":"if","locations":[{"start":{"line":199,"column":10},"end":{"line":201,"column":11}}]},"24":{"loc":{"start":{"line":215,"column":4},"end":{"line":218,"column":5}},"type":"if","locations":[{"start":{"line":215,"column":4},"end":{"line":218,"column":5}}]},"25":{"loc":{"start":{"line":227,"column":4},"end":{"line":230,"column":5}},"type":"if","locations":[{"start":{"line":227,"column":4},"end":{"line":230,"column":5}}]},"26":{"loc":{"start":{"line":248,"column":8},"end":{"line":248,"column":72}},"type":"cond-expr","locations":[{"start":{"line":248,"column":21},"end":{"line":248,"column":69}},{"start":{"line":248,"column":71},"end":{"line":248,"column":72}}]},"27":{"loc":{"start":{"line":259,"column":4},"end":{"line":259,"column":33}},"type":"if","locations":[{"start":{"line":259,"column":4},"end":{"line":259,"column":33}}]},"28":{"loc":{"start":{"line":261,"column":4},"end":{"line":264,"column":5}},"type":"if","locations":[{"start":{"line":261,"column":4},"end":{"line":264,"column":5}}]},"29":{"loc":{"start":{"line":268,"column":4},"end":{"line":268,"column":33}},"type":"if","locations":[{"start":{"line":268,"column":4},"end":{"line":268,"column":33}}]},"30":{"loc":{"start":{"line":271,"column":4},"end":{"line":286,"column":5}},"type":"if","locations":[{"start":{"line":271,"column":4},"end":{"line":286,"column":5}}]},"31":{"loc":{"start":{"line":271,"column":8},"end":{"line":271,"column":40}},"type":"binary-expr","locations":[{"start":{"line":271,"column":8},"end":{"line":271,"column":19}},{"start":{"line":271,"column":23},"end":{"line":271,"column":40}}]},"32":{"loc":{"start":{"line":272,"column":31},"end":{"line":272,"column":74}},"type":"binary-expr","locations":[{"start":{"line":272,"column":31},"end":{"line":272,"column":59}},{"start":{"line":272,"column":63},"end":{"line":272,"column":74}}]},"33":{"loc":{"start":{"line":276,"column":6},"end":{"line":285,"column":7}},"type":"if","locations":[{"start":{"line":276,"column":6},"end":{"line":285,"column":7}}]},"34":{"loc":{"start":{"line":290,"column":4},"end":{"line":301,"column":5}},"type":"if","locations":[{"start":{"line":290,"column":4},"end":{"line":301,"column":5}},{"start":{"line":298,"column":11},"end":{"line":301,"column":5}}]},"35":{"loc":{"start":{"line":290,"column":8},"end":{"line":290,"column":54}},"type":"binary-expr","locations":[{"start":{"line":290,"column":8},"end":{"line":290,"column":22}},{"start":{"line":290,"column":26},"end":{"line":290,"column":54}}]},"36":{"loc":{"start":{"line":317,"column":4},"end":{"line":317,"column":33}},"type":"if","locations":[{"start":{"line":317,"column":4},"end":{"line":317,"column":33}}]},"37":{"loc":{"start":{"line":320,"column":4},"end":{"line":335,"column":5}},"type":"if","locations":[{"start":{"line":320,"column":4},"end":{"line":335,"column":5}}]},"38":{"loc":{"start":{"line":320,"column":8},"end":{"line":320,"column":40}},"type":"binary-expr","locations":[{"start":{"line":320,"column":8},"end":{"line":320,"column":19}},{"start":{"line":320,"column":23},"end":{"line":320,"column":40}}]},"39":{"loc":{"start":{"line":321,"column":31},"end":{"line":321,"column":74}},"type":"binary-expr","locations":[{"start":{"line":321,"column":31},"end":{"line":321,"column":59}},{"start":{"line":321,"column":63},"end":{"line":321,"column":74}}]},"40":{"loc":{"start":{"line":325,"column":6},"end":{"line":334,"column":7}},"type":"if","locations":[{"start":{"line":325,"column":6},"end":{"line":334,"column":7}}]},"41":{"loc":{"start":{"line":339,"column":4},"end":{"line":347,"column":5}},"type":"if","locations":[{"start":{"line":339,"column":4},"end":{"line":347,"column":5}},{"start":{"line":344,"column":11},"end":{"line":347,"column":5}}]},"42":{"loc":{"start":{"line":339,"column":8},"end":{"line":339,"column":54}},"type":"binary-expr","locations":[{"start":{"line":339,"column":8},"end":{"line":339,"column":22}},{"start":{"line":339,"column":26},"end":{"line":339,"column":54}}]},"43":{"loc":{"start":{"line":351,"column":4},"end":{"line":351,"column":51}},"type":"if","locations":[{"start":{"line":351,"column":4},"end":{"line":351,"column":51}}]},"44":{"loc":{"start":{"line":351,"column":8},"end":{"line":351,"column":42}},"type":"binary-expr","locations":[{"start":{"line":351,"column":8},"end":{"line":351,"column":24}},{"start":{"line":351,"column":28},"end":{"line":351,"column":42}}]},"45":{"loc":{"start":{"line":354,"column":4},"end":{"line":363,"column":5}},"type":"if","locations":[{"start":{"line":354,"column":4},"end":{"line":363,"column":5}},{"start":{"line":361,"column":11},"end":{"line":363,"column":5}}]},"46":{"loc":{"start":{"line":354,"column":8},"end":{"line":354,"column":37}},"type":"binary-expr","locations":[{"start":{"line":354,"column":8},"end":{"line":354,"column":22}},{"start":{"line":354,"column":26},"end":{"line":354,"column":37}}]},"47":{"loc":{"start":{"line":368,"column":4},"end":{"line":372,"column":5}},"type":"if","locations":[{"start":{"line":368,"column":4},"end":{"line":372,"column":5}}]},"48":{"loc":{"start":{"line":379,"column":4},"end":{"line":379,"column":71}},"type":"if","locations":[{"start":{"line":379,"column":4},"end":{"line":379,"column":71}}]},"49":{"loc":{"start":{"line":379,"column":8},"end":{"line":379,"column":62}},"type":"binary-expr","locations":[{"start":{"line":379,"column":8},"end":{"line":379,"column":20}},{"start":{"line":379,"column":24},"end":{"line":379,"column":42}},{"start":{"line":379,"column":46},"end":{"line":379,"column":62}}]},"50":{"loc":{"start":{"line":385,"column":6},"end":{"line":385,"column":51}},"type":"if","locations":[{"start":{"line":385,"column":6},"end":{"line":385,"column":51}}]},"51":{"loc":{"start":{"line":385,"column":10},"end":{"line":385,"column":42}},"type":"binary-expr","locations":[{"start":{"line":385,"column":10},"end":{"line":385,"column":26}},{"start":{"line":385,"column":30},"end":{"line":385,"column":42}}]},"52":{"loc":{"start":{"line":390,"column":6},"end":{"line":411,"column":7}},"type":"if","locations":[{"start":{"line":390,"column":6},"end":{"line":411,"column":7}},{"start":{"line":401,"column":13},"end":{"line":411,"column":7}}]},"53":{"loc":{"start":{"line":442,"column":24},"end":{"line":442,"column":77}},"type":"cond-expr","locations":[{"start":{"line":442,"column":43},"end":{"line":442,"column":54}},{"start":{"line":442,"column":57},"end":{"line":442,"column":77}}]},"54":{"loc":{"start":{"line":450,"column":19},"end":{"line":450,"column":53}},"type":"cond-expr","locations":[{"start":{"line":450,"column":38},"end":{"line":450,"column":44}},{"start":{"line":450,"column":47},"end":{"line":450,"column":53}}]},"55":{"loc":{"start":{"line":451,"column":20},"end":{"line":451,"column":56}},"type":"cond-expr","locations":[{"start":{"line":451,"column":39},"end":{"line":451,"column":46}},{"start":{"line":451,"column":49},"end":{"line":451,"column":56}}]},"56":{"loc":{"start":{"line":452,"column":23},"end":{"line":452,"column":60}},"type":"cond-expr","locations":[{"start":{"line":452,"column":55},"end":{"line":452,"column":56}},{"start":{"line":452,"column":59},"end":{"line":452,"column":60}}]},"57":{"loc":{"start":{"line":452,"column":23},"end":{"line":452,"column":52}},"type":"binary-expr","locations":[{"start":{"line":452,"column":23},"end":{"line":452,"column":32}},{"start":{"line":452,"column":36},"end":{"line":452,"column":52}}]},"58":{"loc":{"start":{"line":453,"column":29},"end":{"line":453,"column":76}},"type":"cond-expr","locations":[{"start":{"line":453,"column":61},"end":{"line":453,"column":67}},{"start":{"line":453,"column":70},"end":{"line":453,"column":76}}]},"59":{"loc":{"start":{"line":453,"column":29},"end":{"line":453,"column":58}},"type":"binary-expr","locations":[{"start":{"line":453,"column":29},"end":{"line":453,"column":38}},{"start":{"line":453,"column":42},"end":{"line":453,"column":58}}]},"60":{"loc":{"start":{"line":490,"column":7},"end":{"line":560,"column":null}},"type":"cond-expr","locations":[{"start":{"line":491,"column":8},"end":{"line":516,"column":null}},{"start":{"line":518,"column":10},"end":{"line":560,"column":null}}]},"61":{"loc":{"start":{"line":518,"column":10},"end":{"line":560,"column":null}},"type":"cond-expr","locations":[{"start":{"line":519,"column":8},"end":{"line":542,"column":null}},{"start":{"line":544,"column":10},"end":{"line":560,"column":null}}]},"62":{"loc":{"start":{"line":523,"column":25},"end":{"line":523,"column":57}},"type":"cond-expr","locations":[{"start":{"line":523,"column":44},"end":{"line":523,"column":51}},{"start":{"line":523,"column":54},"end":{"line":523,"column":57}}]},"63":{"loc":{"start":{"line":544,"column":10},"end":{"line":560,"column":null}},"type":"cond-expr","locations":[{"start":{"line":545,"column":8},"end":{"line":550,"column":null}},{"start":{"line":553,"column":8},"end":{"line":559,"column":null}}]},"64":{"loc":{"start":{"line":564,"column":7},"end":{"line":618,"column":null}},"type":"binary-expr","locations":[{"start":{"line":564,"column":7},"end":{"line":564,"column":20}},{"start":{"line":565,"column":8},"end":{"line":617,"column":null}}]},"65":{"loc":{"start":{"line":565,"column":26},"end":{"line":565,"column":89}},"type":"cond-expr","locations":[{"start":{"line":565,"column":42},"end":{"line":565,"column":64}},{"start":{"line":565,"column":67},"end":{"line":565,"column":89}}]},"66":{"loc":{"start":{"line":575,"column":25},"end":{"line":575,"column":57}},"type":"cond-expr","locations":[{"start":{"line":575,"column":52},"end":{"line":575,"column":53}},{"start":{"line":575,"column":56},"end":{"line":575,"column":57}}]},"67":{"loc":{"start":{"line":575,"column":25},"end":{"line":575,"column":49}},"type":"binary-expr","locations":[{"start":{"line":575,"column":25},"end":{"line":575,"column":34}},{"start":{"line":575,"column":38},"end":{"line":575,"column":49}}]},"68":{"loc":{"start":{"line":576,"column":31},"end":{"line":576,"column":73}},"type":"cond-expr","locations":[{"start":{"line":576,"column":58},"end":{"line":576,"column":64}},{"start":{"line":576,"column":67},"end":{"line":576,"column":73}}]},"69":{"loc":{"start":{"line":576,"column":31},"end":{"line":576,"column":55}},"type":"binary-expr","locations":[{"start":{"line":576,"column":31},"end":{"line":576,"column":40}},{"start":{"line":576,"column":44},"end":{"line":576,"column":55}}]},"70":{"loc":{"start":{"line":580,"column":24},"end":{"line":580,"column":69}},"type":"cond-expr","locations":[{"start":{"line":580,"column":40},"end":{"line":580,"column":53}},{"start":{"line":580,"column":56},"end":{"line":580,"column":69}}]},"71":{"loc":{"start":{"line":582,"column":13},"end":{"line":615,"column":null}},"type":"cond-expr","locations":[{"start":{"line":583,"column":14},"end":{"line":600,"column":null}},{"start":{"line":603,"column":14},"end":{"line":614,"column":null}}]},"72":{"loc":{"start":{"line":622,"column":7},"end":{"line":670,"column":null}},"type":"binary-expr","locations":[{"start":{"line":622,"column":7},"end":{"line":622,"column":21}},{"start":{"line":622,"column":25},"end":{"line":622,"column":38}},{"start":{"line":623,"column":8},"end":{"line":669,"column":null}}]},"73":{"loc":{"start":{"line":623,"column":26},"end":{"line":623,"column":72}},"type":"cond-expr","locations":[{"start":{"line":623,"column":47},"end":{"line":623,"column":58}},{"start":{"line":623,"column":61},"end":{"line":623,"column":72}}]},"74":{"loc":{"start":{"line":633,"column":25},"end":{"line":633,"column":57}},"type":"cond-expr","locations":[{"start":{"line":633,"column":52},"end":{"line":633,"column":53}},{"start":{"line":633,"column":56},"end":{"line":633,"column":57}}]},"75":{"loc":{"start":{"line":633,"column":25},"end":{"line":633,"column":49}},"type":"binary-expr","locations":[{"start":{"line":633,"column":25},"end":{"line":633,"column":34}},{"start":{"line":633,"column":38},"end":{"line":633,"column":49}}]},"76":{"loc":{"start":{"line":634,"column":31},"end":{"line":634,"column":73}},"type":"cond-expr","locations":[{"start":{"line":634,"column":58},"end":{"line":634,"column":64}},{"start":{"line":634,"column":67},"end":{"line":634,"column":73}}]},"77":{"loc":{"start":{"line":634,"column":31},"end":{"line":634,"column":55}},"type":"binary-expr","locations":[{"start":{"line":634,"column":31},"end":{"line":634,"column":40}},{"start":{"line":634,"column":44},"end":{"line":634,"column":55}}]},"78":{"loc":{"start":{"line":638,"column":24},"end":{"line":638,"column":64}},"type":"cond-expr","locations":[{"start":{"line":638,"column":45},"end":{"line":638,"column":52}},{"start":{"line":638,"column":55},"end":{"line":638,"column":64}}]},"79":{"loc":{"start":{"line":640,"column":13},"end":{"line":667,"column":null}},"type":"cond-expr","locations":[{"start":{"line":641,"column":14},"end":{"line":652,"column":null}},{"start":{"line":655,"column":14},"end":{"line":666,"column":null}}]},"80":{"loc":{"start":{"line":675,"column":19},"end":{"line":675,"column":43}},"type":"binary-expr","locations":[{"start":{"line":675,"column":19},"end":{"line":675,"column":28}},{"start":{"line":675,"column":32},"end":{"line":675,"column":43}}]},"81":{"loc":{"start":{"line":693,"column":7},"end":{"line":698,"column":null}},"type":"binary-expr","locations":[{"start":{"line":693,"column":7},"end":{"line":693,"column":18}},{"start":{"line":693,"column":22},"end":{"line":693,"column":36}},{"start":{"line":694,"column":8},"end":{"line":697,"column":null}}]}},"s":{"0":0,"1":0,"2":0,"3":0,"4":0,"5":0,"6":0,"7":0,"8":0,"9":0,"10":0,"11":0,"12":0,"13":0,"14":0,"15":0,"16":0,"17":0,"18":0,"19":0,"20":0,"21":0,"22":0,"23":0,"24":0,"25":0,"26":0,"27":0,"28":0,"29":0,"30":0,"31":0,"32":0,"33":0,"34":0,"35":0,"36":0,"37":0,"38":0,"39":0,"40":0,"41":0,"42":0,"43":0,"44":0,"45":0,"46":0,"47":0,"48":0,"49":0,"50":0,"51":0,"52":0,"53":0,"54":0,"55":0,"56":0,"57":0,"58":0,"59":0,"60":0,"61":0,"62":0,"63":0,"64":0,"65":0,"66":0,"67":0,"68":0,"69":0,"70":0,"71":0,"72":0,"73":0,"74":0,"75":0,"76":0,"77":0,"78":0,"79":0,"80":0,"81":0,"82":0,"83":0,"84":0,"85":0,"86":0,"87":0,"88":0,"89":0,"90":0,"91":0,"92":0,"93":0,"94":0,"95":0,"96":0,"97":0,"98":0,"99":0,"100":0,"101":0,"102":0,"103":0,"104":0,"105":0,"106":0,"107":0,"108":0,"109":0,"110":0,"111":0,"112":0,"113":0,"114":0,"115":0,"116":0,"117":0,"118":0,"119":0,"120":0,"121":0,"122":0,"123":0,"124":0,"125":0,"126":0,"127":0,"128":0,"129":0,"130":0,"131":0,"132":0,"133":0,"134":0,"135":0,"136":0,"137":0,"138":0,"139":0,"140":0,"141":0,"142":0,"143":0,"144":0,"145":0,"146":0,"147":0,"148":0,"149":0,"150":0,"151":0,"152":0,"153":0,"154":0,"155":0,"156":0,"157":0,"158":0,"159":0,"160":0,"161":0,"162":0,"163":0,"164":0,"165":0,"166":0,"167":0,"168":0,"169":0,"170":0,"171":0,"172":0,"173":0,"174":0,"175":0,"176":0,"177":0,"178":0,"179":0,"180":0,"181":0,"182":0,"183":0,"184":0,"185":0,"186":0,"187":0,"188":0,"189":0,"190":0,"191":0,"192":0,"193":0,"194":0,"195":0,"196":0,"197":0,"198":0,"199":0,"200":0,"201":0,"202":0,"203":0,"204":0,"205":0,"206":0,"207":0,"208":0,"209":0,"210":0,"211":0,"212":0,"213":0,"214":0,"215":0,"216":0,"217":0,"218":0,"219":0,"220":0,"221":0,"222":0,"223":0,"224":0,"225":0,"226":0,"227":0,"228":0,"229":0,"230":0,"231":0,"232":0,"233":0,"234":0,"235":0,"236":0,"237":0,"238":0,"239":0,"240":0,"241":0,"242":0,"243":0,"244":0,"245":0,"246":0,"247":0,"248":0,"249":0,"250":0,"251":0,"252":0,"253":0,"254":0,"255":0,"256":0,"257":0,"258":0},"f":{"0":0,"1":0,"2":0,"3":0,"4":0,"5":0,"6":0,"7":0,"8":0,"9":0,"10":0,"11":0,"12":0,"13":0,"14":0,"15":0,"16":0,"17":0,"18":0,"19":0,"20":0,"21":0,"22":0,"23":0,"24":0,"25":0,"26":0,"27":0,"28":0,"29":0,"30":0,"31":0,"32":0,"33":0,"34":0,"35":0,"36":0,"37":0,"38":0,"39":0,"40":0,"41":0,"42":0,"43":0,"44":0,"45":0,"46":0,"47":0,"48":0,"49":0,"50":0,"51":0,"52":0,"53":0,"54":0,"55":0,"56":0,"57":0,"58":0,"59":0,"60":0},"b":{"0":[0,0],"1":[0,0],"2":[0],"3":[0],"4":[0],"5":[0],"6":[0],"7":[0,0],"8":[0],"9":[0,0],"10":[0],"11":[0,0],"12":[0],"13":[0,0],"14":[0],"15":[0],"16":[0,0],"17":[0],"18":[0],"19":[0,0],"20":[0],"21":[0],"22":[0,0],"23":[0],"24":[0],"25":[0],"26":[0,0],"27":[0],"28":[0],"29":[0],"30":[0],"31":[0,0],"32":[0,0],"33":[0],"34":[0,0],"35":[0,0],"36":[0],"37":[0],"38":[0,0],"39":[0,0],"40":[0],"41":[0,0],"42":[0,0],"43":[0],"44":[0,0],"45":[0,0],"46":[0,0],"47":[0],"48":[0],"49":[0,0,0],"50":[0],"51":[0,0],"52":[0,0],"53":[0,0],"54":[0,0],"55":[0,0],"56":[0,0],"57":[0,0],"58":[0,0],"59":[0,0],"60":[0,0],"61":[0,0],"62":[0,0],"63":[0,0],"64":[0,0],"65":[0,0],"66":[0,0],"67":[0,0],"68":[0,0],"69":[0,0],"70":[0,0],"71":[0,0],"72":[0,0,0],"73":[0,0],"74":[0,0],"75":[0,0],"76":[0,0],"77":[0,0],"78":[0,0],"79":[0,0],"80":[0,0],"81":[0,0,0]}}
,"/Users/k/Documents/home/PROJECT/p-write-vacy/p-write-vacy-react/src/components/ContextMenu.tsx": {"path":"/Users/k/Documents/home/PROJECT/p-write-vacy/p-write-vacy-react/src/components/ContextMenu.tsx","statementMap":{"0":{"start":{"line":1,"column":0},"end":{"line":1,"column":49}},"1":{"start":{"line":11,"column":55},"end":{"line":74,"column":1}},"2":{"start":{"line":18,"column":18},"end":{"line":18,"column":46}},"3":{"start":{"line":20,"column":2},"end":{"line":40,"column":16}},"4":{"start":{"line":21,"column":31},"end":{"line":25,"column":5}},"5":{"start":{"line":22,"column":6},"end":{"line":24,"column":7}},"6":{"start":{"line":23,"column":8},"end":{"line":23,"column":18}},"7":{"start":{"line":27,"column":25},"end":{"line":31,"column":5}},"8":{"start":{"line":28,"column":6},"end":{"line":30,"column":7}},"9":{"start":{"line":29,"column":8},"end":{"line":29,"column":18}},"10":{"start":{"line":33,"column":4},"end":{"line":33,"column":63}},"11":{"start":{"line":34,"column":4},"end":{"line":34,"column":55}},"12":{"start":{"line":36,"column":4},"end":{"line":39,"column":6}},"13":{"start":{"line":37,"column":6},"end":{"line":37,"column":68}},"14":{"start":{"line":38,"column":6},"end":{"line":38,"column":60}},"15":{"start":{"line":42,"column":2},"end":{"line":73,"column":4}},"16":{"start":{"line":50,"column":10},"end":{"line":50,"column":19}},"17":{"start":{"line":51,"column":10},"end":{"line":51,"column":20}},"18":{"start":{"line":62,"column":10},"end":{"line":62,"column":21}},"19":{"start":{"line":63,"column":10},"end":{"line":63,"column":20}},"20":{"start":{"line":11,"column":13},"end":{"line":11,"column":55}}},"fnMap":{"0":{"name":"(anonymous_0)","decl":{"start":{"line":11,"column":55},"end":{"line":11,"column":56}},"loc":{"start":{"line":17,"column":5},"end":{"line":74,"column":1}}},"1":{"name":"(anonymous_1)","decl":{"start":{"line":20,"column":12},"end":{"line":20,"column":15}},"loc":{"start":{"line":20,"column":17},"end":{"line":40,"column":3}}},"2":{"name":"(anonymous_2)","decl":{"start":{"line":21,"column":31},"end":{"line":21,"column":32}},"loc":{"start":{"line":21,"column":53},"end":{"line":25,"column":5}}},"3":{"name":"(anonymous_3)","decl":{"start":{"line":27,"column":25},"end":{"line":27,"column":26}},"loc":{"start":{"line":27,"column":50},"end":{"line":31,"column":5}}},"4":{"name":"(anonymous_4)","decl":{"start":{"line":36,"column":11},"end":{"line":36,"column":14}},"loc":{"start":{"line":36,"column":16},"end":{"line":39,"column":5}}},"5":{"name":"(anonymous_5)","decl":{"start":{"line":49,"column":17},"end":{"line":49,"column":20}},"loc":{"start":{"line":49,"column":22},"end":{"line":52,"column":9}}},"6":{"name":"(anonymous_6)","decl":{"start":{"line":61,"column":17},"end":{"line":61,"column":20}},"loc":{"start":{"line":61,"column":22},"end":{"line":64,"column":9}}}},"branchMap":{"0":{"loc":{"start":{"line":22,"column":6},"end":{"line":24,"column":7}},"type":"if","locations":[{"start":{"line":22,"column":6},"end":{"line":24,"column":7}}]},"1":{"loc":{"start":{"line":22,"column":10},"end":{"line":22,"column":76}},"type":"binary-expr","locations":[{"start":{"line":22,"column":10},"end":{"line":22,"column":25}},{"start":{"line":22,"column":29},"end":{"line":22,"column":76}}]},"2":{"loc":{"start":{"line":28,"column":6},"end":{"line":30,"column":7}},"type":"if","locations":[{"start":{"line":28,"column":6},"end":{"line":30,"column":7}}]}},"s":{"0":0,"1":0,"2":0,"3":0,"4":0,"5":0,"6":0,"7":0,"8":0,"9":0,"10":0,"11":0,"12":0,"13":0,"14":0,"15":0,"16":0,"17":0,"18":0,"19":0,"20":0},"f":{"0":0,"1":0,"2":0,"3":0,"4":0,"5":0,"6":0},"b":{"0":[0],"1":[0,0],"2":[0]}}
,"/Users/k/Documents/home/PROJECT/p-write-vacy/p-write-vacy-react/src/components/Editor.tsx": {"path":"/Users/k/Documents/home/PROJECT/p-write-vacy/p-write-vacy-react/src/components/Editor.tsx","statementMap":{"0":{"start":{"line":1,"column":0},"end":{"line":1,"column":59}},"1":{"start":{"line":2,"column":0},"end":{"line":2,"column":61}},"2":{"start":{"line":3,"column":0},"end":{"line":3,"column":46}},"3":{"start":{"line":15,"column":45},"end":{"line":117,"column":1}},"4":{"start":{"line":23,"column":20},"end":{"line":23,"column":48}},"5":{"start":{"line":24,"column":28},"end":{"line":24,"column":55}},"6":{"start":{"line":25,"column":44},"end":{"line":25,"column":59}},"7":{"start":{"line":26,"column":25},"end":{"line":26,"column":38}},"8":{"start":{"line":29,"column":2},"end":{"line":31,"column":20}},"9":{"start":{"line":30,"column":4},"end":{"line":30,"column":28}},"10":{"start":{"line":34,"column":2},"end":{"line":67,"column":29}},"11":{"start":{"line":35,"column":4},"end":{"line":64,"column":5}},"12":{"start":{"line":37,"column":23},"end":{"line":37,"column":67}},"13":{"start":{"line":38,"column":24},"end":{"line":38,"column":45}},"14":{"start":{"line":39,"column":20},"end":{"line":39,"column":90}},"15":{"start":{"line":40,"column":27},"end":{"line":40,"column":56}},"16":{"start":{"line":43,"column":6},"end":{"line":63,"column":7}},"17":{"start":{"line":44,"column":8},"end":{"line":44,"column":46}},"18":{"start":{"line":47,"column":8},"end":{"line":62,"column":9}},"19":{"start":{"line":48,"column":10},"end":{"line":48,"column":36}},"20":{"start":{"line":49,"column":10},"end":{"line":61,"column":11}},"21":{"start":{"line":50,"column":29},"end":{"line":50,"column":51}},"22":{"start":{"line":51,"column":29},"end":{"line":51,"column":57}},"23":{"start":{"line":52,"column":12},"end":{"line":58,"column":13}},"24":{"start":{"line":53,"column":29},"end":{"line":53,"column":86}},"25":{"start":{"line":54,"column":14},"end":{"line":54,"column":50}},"26":{"start":{"line":55,"column":14},"end":{"line":55,"column":48}},"27":{"start":{"line":56,"column":14},"end":{"line":56,"column":43}},"28":{"start":{"line":57,"column":14},"end":{"line":57,"column":44}},"29":{"start":{"line":66,"column":4},"end":{"line":66,"column":35}},"30":{"start":{"line":69,"column":22},"end":{"line":74,"column":3}},"31":{"start":{"line":71,"column":23},"end":{"line":71,"column":54}},"32":{"start":{"line":72,"column":4},"end":{"line":72,"column":34}},"33":{"start":{"line":73,"column":4},"end":{"line":73,"column":32}},"34":{"start":{"line":76,"column":34},"end":{"line":80,"column":3}},"35":{"start":{"line":77,"column":4},"end":{"line":79,"column":5}},"36":{"start":{"line":78,"column":6},"end":{"line":78,"column":29}},"37":{"start":{"line":82,"column":2},"end":{"line":116,"column":4}},"38":{"start":{"line":15,"column":13},"end":{"line":15,"column":45}}},"fnMap":{"0":{"name":"(anonymous_0)","decl":{"start":{"line":15,"column":45},"end":{"line":15,"column":46}},"loc":{"start":{"line":22,"column":5},"end":{"line":117,"column":1}}},"1":{"name":"(anonymous_1)","decl":{"start":{"line":29,"column":12},"end":{"line":29,"column":15}},"loc":{"start":{"line":29,"column":17},"end":{"line":31,"column":3}}},"2":{"name":"(anonymous_2)","decl":{"start":{"line":34,"column":12},"end":{"line":34,"column":15}},"loc":{"start":{"line":34,"column":17},"end":{"line":67,"column":3}}},"3":{"name":"(anonymous_3)","decl":{"start":{"line":69,"column":22},"end":{"line":69,"column":23}},"loc":{"start":{"line":69,"column":61},"end":{"line":74,"column":3}}},"4":{"name":"(anonymous_4)","decl":{"start":{"line":76,"column":34},"end":{"line":76,"column":37}},"loc":{"start":{"line":76,"column":39},"end":{"line":80,"column":3}}}},"branchMap":{"0":{"loc":{"start":{"line":20,"column":2},"end":{"line":20,"column":26}},"type":"default-arg","locations":[{"start":{"line":20,"column":21},"end":{"line":20,"column":26}}]},"1":{"loc":{"start":{"line":35,"column":4},"end":{"line":64,"column":5}},"type":"if","locations":[{"start":{"line":35,"column":4},"end":{"line":64,"column":5}}]},"2":{"loc":{"start":{"line":35,"column":8},"end":{"line":35,"column":52}},"type":"binary-expr","locations":[{"start":{"line":35,"column":8},"end":{"line":35,"column":25}},{"start":{"line":35,"column":29},"end":{"line":35,"column":52}}]},"3":{"loc":{"start":{"line":39,"column":20},"end":{"line":39,"column":90}},"type":"cond-expr","locations":[{"start":{"line":39,"column":60},"end":{"line":39,"column":83}},{"start":{"line":39,"column":86},"end":{"line":39,"column":90}}]},"4":{"loc":{"start":{"line":39,"column":20},"end":{"line":39,"column":57}},"type":"binary-expr","locations":[{"start":{"line":39,"column":20},"end":{"line":39,"column":29}},{"start":{"line":39,"column":33},"end":{"line":39,"column":57}}]},"5":{"loc":{"start":{"line":40,"column":27},"end":{"line":40,"column":56}},"type":"cond-expr","locations":[{"start":{"line":40,"column":35},"end":{"line":40,"column":52}},{"start":{"line":40,"column":55},"end":{"line":40,"column":56}}]},"6":{"loc":{"start":{"line":43,"column":6},"end":{"line":63,"column":7}},"type":"if","locations":[{"start":{"line":43,"column":6},"end":{"line":63,"column":7}}]},"7":{"loc":{"start":{"line":47,"column":8},"end":{"line":62,"column":9}},"type":"if","locations":[{"start":{"line":47,"column":8},"end":{"line":62,"column":9}}]},"8":{"loc":{"start":{"line":52,"column":12},"end":{"line":58,"column":13}},"type":"if","locations":[{"start":{"line":52,"column":12},"end":{"line":58,"column":13}}]},"9":{"loc":{"start":{"line":52,"column":16},"end":{"line":52,"column":64}},"type":"binary-expr","locations":[{"start":{"line":52,"column":16},"end":{"line":52,"column":24}},{"start":{"line":52,"column":28},"end":{"line":52,"column":64}}]},"10":{"loc":{"start":{"line":53,"column":52},"end":{"line":53,"column":85}},"type":"binary-expr","locations":[{"start":{"line":53,"column":52},"end":{"line":53,"column":80}},{"start":{"line":53,"column":84},"end":{"line":53,"column":85}}]},"11":{"loc":{"start":{"line":53,"column":52},"end":{"line":53,"column":80}},"type":"cond-expr","locations":[{"start":{"line":53,"column":72},"end":{"line":53,"column":74}},{"start":{"line":53,"column":72},"end":{"line":53,"column":80}}]},"12":{"loc":{"start":{"line":53,"column":52},"end":{"line":53,"column":74}},"type":"binary-expr","locations":[{"start":{"line":53,"column":52},"end":{"line":53,"column":74}},{"start":{"line":53,"column":72},"end":{"line":53,"column":74}}]},"13":{"loc":{"start":{"line":56,"column":14},"end":{"line":56,"column":42}},"type":"cond-expr","locations":[{"start":{"line":56,"column":23},"end":{"line":56,"column":25}},{"start":{"line":56,"column":14},"end":{"line":56,"column":42}}]},"14":{"loc":{"start":{"line":56,"column":14},"end":{"line":56,"column":25}},"type":"binary-expr","locations":[{"start":{"line":56,"column":14},"end":{"line":56,"column":25}},{"start":{"line":56,"column":14},"end":{"line":56,"column":25}}]},"15":{"loc":{"start":{"line":57,"column":14},"end":{"line":57,"column":43}},"type":"cond-expr","locations":[{"start":{"line":57,"column":23},"end":{"line":57,"column":25}},{"start":{"line":57,"column":14},"end":{"line":57,"column":43}}]},"16":{"loc":{"start":{"line":57,"column":14},"end":{"line":57,"column":25}},"type":"binary-expr","locations":[{"start":{"line":57,"column":14},"end":{"line":57,"column":25}},{"start":{"line":57,"column":14},"end":{"line":57,"column":25}}]},"17":{"loc":{"start":{"line":71,"column":23},"end":{"line":71,"column":54}},"type":"binary-expr","locations":[{"start":{"line":71,"column":23},"end":{"line":71,"column":48}},{"start":{"line":71,"column":52},"end":{"line":71,"column":54}}]},"18":{"loc":{"start":{"line":77,"column":4},"end":{"line":79,"column":5}},"type":"if","locations":[{"start":{"line":77,"column":4},"end":{"line":79,"column":5}}]},"19":{"loc":{"start":{"line":104,"column":37},"end":{"line":104,"column":72}},"type":"cond-expr","locations":[{"start":{"line":104,"column":56},"end":{"line":104,"column":63}},{"start":{"line":104,"column":66},"end":{"line":104,"column":72}}]}},"s":{"0":0,"1":0,"2":0,"3":0,"4":0,"5":0,"6":0,"7":0,"8":0,"9":0,"10":0,"11":0,"12":0,"13":0,"14":0,"15":0,"16":0,"17":0,"18":0,"19":0,"20":0,"21":0,"22":0,"23":0,"24":0,"25":0,"26":0,"27":0,"28":0,"29":0,"30":0,"31":0,"32":0,"33":0,"34":0,"35":0,"36":0,"37":0,"38":0},"f":{"0":0,"1":0,"2":0,"3":0,"4":0},"b":{"0":[0],"1":[0],"2":[0,0],"3":[0,0],"4":[0,0],"5":[0,0],"6":[0],"7":[0],"8":[0],"9":[0,0],"10":[0,0],"11":[0,0],"12":[0,0],"13":[0,0],"14":[0,0],"15":[0,0],"16":[0,0],"17":[0,0],"18":[0],"19":[0,0]}}
,"/Users/k/Documents/home/PROJECT/p-write-vacy/p-write-vacy-react/src/components/FileExplorer.tsx": {"path":"/Users/k/Documents/home/PROJECT/p-write-vacy/p-write-vacy-react/src/components/FileExplorer.tsx","statementMap":{"0":{"start":{"line":1,"column":0},"end":{"line":1,"column":51}},"1":{"start":{"line":3,"column":0},"end":{"line":3,"column":36}},"2":{"start":{"line":6,"column":0},"end":{"line":6,"column":63}},"3":{"start":{"line":7,"column":0},"end":{"line":7,"column":75}},"4":{"start":{"line":8,"column":0},"end":{"line":8,"column":73}},"5":{"start":{"line":9,"column":0},"end":{"line":9,"column":69}},"6":{"start":{"line":10,"column":0},"end":{"line":10,"column":81}},"7":{"start":{"line":13,"column":0},"end":{"line":13,"column":68}},"8":{"start":{"line":14,"column":0},"end":{"line":14,"column":76}},"9":{"start":{"line":15,"column":0},"end":{"line":15,"column":62}},"10":{"start":{"line":16,"column":0},"end":{"line":16,"column":76}},"11":{"start":{"line":19,"column":0},"end":{"line":19,"column":null}},"12":{"start":{"line":42,"column":57},"end":{"line":330,"column":1}},"13":{"start":{"line":57,"column":36},"end":{"line":57,"column":67}},"14":{"start":{"line":58,"column":42},"end":{"line":58,"column":57}},"15":{"start":{"line":59,"column":40},"end":{"line":59,"column":105}},"16":{"start":{"line":62,"column":19},"end":{"line":67,"column":4}},"17":{"start":{"line":70,"column":24},"end":{"line":74,"column":4}},"18":{"start":{"line":70,"column":35},"end":{"line":74,"column":4}},"19":{"start":{"line":71,"column":4},"end":{"line":73,"column":5}},"20":{"start":{"line":72,"column":6},"end":{"line":72,"column":46}},"21":{"start":{"line":77,"column":20},"end":{"line":79,"column":3}},"22":{"start":{"line":78,"column":4},"end":{"line":78,"column":73}},"23":{"start":{"line":81,"column":18},"end":{"line":88,"column":4}},"24":{"start":{"line":90,"column":20},"end":{"line":100,"column":4}},"25":{"start":{"line":102,"column":19},"end":{"line":109,"column":4}},"26":{"start":{"line":111,"column":2},"end":{"line":124,"column":5}},"27":{"start":{"line":127,"column":2},"end":{"line":139,"column":21}},"28":{"start":{"line":128,"column":31},"end":{"line":135,"column":5}},"29":{"start":{"line":129,"column":6},"end":{"line":134,"column":7}},"30":{"start":{"line":130,"column":23},"end":{"line":130,"column":46}},"31":{"start":{"line":131,"column":8},"end":{"line":133,"column":9}},"32":{"start":{"line":132,"column":10},"end":{"line":132,"column":33}},"33":{"start":{"line":137,"column":4},"end":{"line":137,"column":59}},"34":{"start":{"line":138,"column":4},"end":{"line":138,"column":75}},"35":{"start":{"line":138,"column":17},"end":{"line":138,"column":74}},"36":{"start":{"line":142,"column":28},"end":{"line":145,"column":3}},"37":{"start":{"line":143,"column":4},"end":{"line":143,"column":23}},"38":{"start":{"line":144,"column":4},"end":{"line":144,"column":58}},"39":{"start":{"line":148,"column":28},"end":{"line":154,"column":3}},"40":{"start":{"line":149,"column":4},"end":{"line":153,"column":5}},"41":{"start":{"line":150,"column":6},"end":{"line":150,"column":42}},"42":{"start":{"line":152,"column":6},"end":{"line":152,"column":69}},"43":{"start":{"line":157,"column":22},"end":{"line":157,"column":56}},"44":{"start":{"line":159,"column":2},"end":{"line":159,"column":27}},"45":{"start":{"line":159,"column":15},"end":{"line":159,"column":27}},"46":{"start":{"line":161,"column":2},"end":{"line":329,"column":4}},"47":{"start":{"line":175,"column":14},"end":{"line":175,"column":34}},"48":{"start":{"line":176,"column":14},"end":{"line":176,"column":37}},"49":{"start":{"line":178,"column":36},"end":{"line":178,"column":66}},"50":{"start":{"line":179,"column":32},"end":{"line":179,"column":63}},"51":{"start":{"line":180,"column":34},"end":{"line":180,"column":67}},"52":{"start":{"line":217,"column":16},"end":{"line":217,"column":35}},"53":{"start":{"line":218,"column":16},"end":{"line":218,"column":51}},"54":{"start":{"line":219,"column":16},"end":{"line":219,"column":47}},"55":{"start":{"line":222,"column":16},"end":{"line":222,"column":35}},"56":{"start":{"line":223,"column":29},"end":{"line":223,"column":68}},"57":{"start":{"line":224,"column":26},"end":{"line":224,"column":35}},"58":{"start":{"line":225,"column":26},"end":{"line":225,"column":35}},"59":{"start":{"line":226,"column":16},"end":{"line":228,"column":17}},"60":{"start":{"line":227,"column":18},"end":{"line":227,"column":47}},"61":{"start":{"line":243,"column":43},"end":{"line":243,"column":72}},"62":{"start":{"line":244,"column":43},"end":{"line":244,"column":76}},"63":{"start":{"line":266,"column":14},"end":{"line":266,"column":33}},"64":{"start":{"line":267,"column":14},"end":{"line":271,"column":17}},"65":{"start":{"line":285,"column":25},"end":{"line":285,"column":45}},"66":{"start":{"line":288,"column":12},"end":{"line":288,"column":66}},"67":{"start":{"line":289,"column":12},"end":{"line":289,"column":33}},"68":{"start":{"line":42,"column":13},"end":{"line":42,"column":57}}},"fnMap":{"0":{"name":"(anonymous_7)","decl":{"start":{"line":42,"column":57},"end":{"line":42,"column":58}},"loc":{"start":{"line":55,"column":5},"end":{"line":330,"column":1}}},"1":{"name":"(anonymous_8)","decl":{"start":{"line":70,"column":24},"end":{"line":70,"column":33}},"loc":{"start":{"line":70,"column":35},"end":{"line":74,"column":4}}},"2":{"name":"(anonymous_9)","decl":{"start":{"line":70,"column":35},"end":{"line":70,"column":null}},"loc":{"start":{"line":70,"column":35},"end":{"line":74,"column":3}}},"3":{"name":"(anonymous_10)","decl":{"start":{"line":77,"column":20},"end":{"line":77,"column":21}},"loc":{"start":{"line":77,"column":55},"end":{"line":79,"column":3}}},"4":{"name":"(anonymous_11)","decl":{"start":{"line":127,"column":12},"end":{"line":127,"column":15}},"loc":{"start":{"line":127,"column":17},"end":{"line":139,"column":3}}},"5":{"name":"(anonymous_12)","decl":{"start":{"line":128,"column":31},"end":{"line":128,"column":32}},"loc":{"start":{"line":128,"column":49},"end":{"line":135,"column":5}}},"6":{"name":"(anonymous_13)","decl":{"start":{"line":138,"column":11},"end":{"line":138,"column":14}},"loc":{"start":{"line":138,"column":17},"end":{"line":138,"column":74}}},"7":{"name":"(anonymous_14)","decl":{"start":{"line":142,"column":28},"end":{"line":142,"column":29}},"loc":{"start":{"line":142,"column":70},"end":{"line":145,"column":3}}},"8":{"name":"(anonymous_15)","decl":{"start":{"line":148,"column":28},"end":{"line":148,"column":29}},"loc":{"start":{"line":148,"column":66},"end":{"line":154,"column":3}}},"9":{"name":"(anonymous_16)","decl":{"start":{"line":174,"column":31},"end":{"line":174,"column":32}},"loc":{"start":{"line":174,"column":41},"end":{"line":177,"column":13}}},"10":{"name":"(anonymous_17)","decl":{"start":{"line":178,"column":30},"end":{"line":178,"column":33}},"loc":{"start":{"line":178,"column":36},"end":{"line":178,"column":66}}},"11":{"name":"(anonymous_18)","decl":{"start":{"line":179,"column":26},"end":{"line":179,"column":29}},"loc":{"start":{"line":179,"column":32},"end":{"line":179,"column":63}}},"12":{"name":"(anonymous_19)","decl":{"start":{"line":180,"column":28},"end":{"line":180,"column":31}},"loc":{"start":{"line":180,"column":34},"end":{"line":180,"column":67}}},"13":{"name":"(anonymous_20)","decl":{"start":{"line":216,"column":26},"end":{"line":216,"column":27}},"loc":{"start":{"line":216,"column":32},"end":{"line":220,"column":15}}},"14":{"name":"(anonymous_21)","decl":{"start":{"line":221,"column":27},"end":{"line":221,"column":28}},"loc":{"start":{"line":221,"column":33},"end":{"line":229,"column":15}}},"15":{"name":"(anonymous_22)","decl":{"start":{"line":243,"column":32},"end":{"line":243,"column":33}},"loc":{"start":{"line":243,"column":43},"end":{"line":243,"column":72}}},"16":{"name":"(anonymous_23)","decl":{"start":{"line":244,"column":32},"end":{"line":244,"column":33}},"loc":{"start":{"line":244,"column":43},"end":{"line":244,"column":76}}},"17":{"name":"(anonymous_24)","decl":{"start":{"line":265,"column":27},"end":{"line":265,"column":28}},"loc":{"start":{"line":265,"column":33},"end":{"line":272,"column":13}}},"18":{"name":"(anonymous_25)","decl":{"start":{"line":285,"column":19},"end":{"line":285,"column":22}},"loc":{"start":{"line":285,"column":25},"end":{"line":285,"column":45}}},"19":{"name":"(anonymous_26)","decl":{"start":{"line":287,"column":22},"end":{"line":287,"column":25}},"loc":{"start":{"line":287,"column":27},"end":{"line":290,"column":11}}}},"branchMap":{"0":{"loc":{"start":{"line":54,"column":2},"end":{"line":54,"column":20}},"type":"default-arg","locations":[{"start":{"line":54,"column":19},"end":{"line":54,"column":20}}]},"1":{"loc":{"start":{"line":71,"column":4},"end":{"line":73,"column":5}},"type":"if","locations":[{"start":{"line":71,"column":4},"end":{"line":73,"column":5}}]},"2":{"loc":{"start":{"line":129,"column":6},"end":{"line":134,"column":7}},"type":"if","locations":[{"start":{"line":129,"column":6},"end":{"line":134,"column":7}}]},"3":{"loc":{"start":{"line":131,"column":8},"end":{"line":133,"column":9}},"type":"if","locations":[{"start":{"line":131,"column":8},"end":{"line":133,"column":9}}]},"4":{"loc":{"start":{"line":149,"column":4},"end":{"line":153,"column":5}},"type":"if","locations":[{"start":{"line":149,"column":4},"end":{"line":153,"column":5}},{"start":{"line":151,"column":11},"end":{"line":153,"column":5}}]},"5":{"loc":{"start":{"line":159,"column":2},"end":{"line":159,"column":27}},"type":"if","locations":[{"start":{"line":159,"column":2},"end":{"line":159,"column":27}}]},"6":{"loc":{"start":{"line":187,"column":11},"end":{"line":194,"column":null}},"type":"binary-expr","locations":[{"start":{"line":187,"column":11},"end":{"line":187,"column":33}},{"start":{"line":188,"column":12},"end":{"line":193,"column":null}}]},"7":{"loc":{"start":{"line":198,"column":11},"end":{"line":205,"column":null}},"type":"binary-expr","locations":[{"start":{"line":198,"column":11},"end":{"line":198,"column":35}},{"start":{"line":199,"column":12},"end":{"line":204,"column":null}}]},"8":{"loc":{"start":{"line":209,"column":11},"end":{"line":255,"column":null}},"type":"cond-expr","locations":[{"start":{"line":210,"column":12},"end":{"line":210,"column":null}},{"start":{"line":214,"column":12},"end":{"line":254,"column":null}}]},"9":{"loc":{"start":{"line":226,"column":16},"end":{"line":228,"column":17}},"type":"if","locations":[{"start":{"line":226,"column":16},"end":{"line":228,"column":17}}]},"10":{"loc":{"start":{"line":226,"column":20},"end":{"line":226,"column":88}},"type":"binary-expr","locations":[{"start":{"line":226,"column":20},"end":{"line":226,"column":33}},{"start":{"line":226,"column":37},"end":{"line":226,"column":52}},{"start":{"line":226,"column":56},"end":{"line":226,"column":68}},{"start":{"line":226,"column":72},"end":{"line":226,"column":88}}]},"11":{"loc":{"start":{"line":261,"column":7},"end":{"line":278,"column":null}},"type":"binary-expr","locations":[{"start":{"line":261,"column":7},"end":{"line":261,"column":20}},{"start":{"line":262,"column":8},"end":{"line":277,"column":null}}]},"12":{"loc":{"start":{"line":275,"column":18},"end":{"line":275,"column":65}},"type":"binary-expr","locations":[{"start":{"line":275,"column":18},"end":{"line":275,"column":48}},{"start":{"line":275,"column":52},"end":{"line":275,"column":65}}]},"13":{"loc":{"start":{"line":282,"column":7},"end":{"line":298,"column":null}},"type":"binary-expr","locations":[{"start":{"line":282,"column":7},"end":{"line":282,"column":18}},{"start":{"line":283,"column":8},"end":{"line":297,"column":null}}]},"14":{"loc":{"start":{"line":302,"column":7},"end":{"line":326,"column":null}},"type":"binary-expr","locations":[{"start":{"line":302,"column":7},"end":{"line":302,"column":39}},{"start":{"line":302,"column":43},"end":{"line":302,"column":62}},{"start":{"line":303,"column":8},"end":{"line":325,"column":null}}]},"15":{"loc":{"start":{"line":321,"column":13},"end":{"line":323,"column":60}},"type":"cond-expr","locations":[{"start":{"line":322,"column":16},"end":{"line":322,"column":87}},{"start":{"line":323,"column":16},"end":{"line":323,"column":60}}]},"16":{"loc":{"start":{"line":322,"column":19},"end":{"line":322,"column":78}},"type":"cond-expr","locations":[{"start":{"line":322,"column":67},"end":{"line":322,"column":71}},{"start":{"line":322,"column":74},"end":{"line":322,"column":78}}]}},"s":{"0":1,"1":1,"2":1,"3":1,"4":1,"5":1,"6":1,"7":1,"8":1,"9":1,"10":1,"11":1,"12":1,"13":20,"14":20,"15":20,"16":20,"17":20,"18":0,"19":0,"20":0,"21":20,"22":0,"23":20,"24":20,"25":20,"26":20,"27":20,"28":10,"29":2,"30":0,"31":0,"32":0,"33":10,"34":10,"35":10,"36":20,"37":0,"38":0,"39":20,"40":28,"41":19,"42":9,"43":20,"44":20,"45":1,"46":19,"47":0,"48":0,"49":0,"50":0,"51":0,"52":0,"53":0,"54":0,"55":0,"56":0,"57":0,"58":0,"59":0,"60":0,"61":0,"62":0,"63":0,"64":0,"65":0,"66":0,"67":0,"68":1},"f":{"0":20,"1":0,"2":0,"3":0,"4":10,"5":2,"6":10,"7":0,"8":28,"9":0,"10":0,"11":0,"12":0,"13":0,"14":0,"15":0,"16":0,"17":0,"18":0,"19":0},"b":{"0":[0],"1":[0],"2":[0],"3":[0],"4":[19,9],"5":[1],"6":[19,0],"7":[19,0],"8":[2,17],"9":[0],"10":[0,0,0,0],"11":[19,17],"12":[17,0],"13":[19,0],"14":[19,0,0],"15":[0,0],"16":[0,0]}}
,"/Users/k/Documents/home/PROJECT/p-write-vacy/p-write-vacy-react/src/components/FocusOverlay.tsx": {"path":"/Users/k/Documents/home/PROJECT/p-write-vacy/p-write-vacy-react/src/components/FocusOverlay.tsx","statementMap":{"0":{"start":{"line":1,"column":0},"end":{"line":1,"column":51}},"1":{"start":{"line":11,"column":13},"end":{"line":130,"column":3}},"2":{"start":{"line":17,"column":32},"end":{"line":17,"column":43}},"3":{"start":{"line":19,"column":2},"end":{"line":28,"column":17}},"4":{"start":{"line":20,"column":4},"end":{"line":27,"column":5}},"5":{"start":{"line":22,"column":20},"end":{"line":22,"column":55}},"6":{"start":{"line":22,"column":37},"end":{"line":22,"column":50}},"7":{"start":{"line":23,"column":6},"end":{"line":23,"column":39}},"8":{"start":{"line":23,"column":19},"end":{"line":23,"column":38}},"9":{"start":{"line":26,"column":6},"end":{"line":26,"column":20}},"10":{"start":{"line":30,"column":2},"end":{"line":30,"column":29}},"11":{"start":{"line":30,"column":17},"end":{"line":30,"column":29}},"12":{"start":{"line":33,"column":2},"end":{"line":55,"column":3}},"13":{"start":{"line":34,"column":26},"end":{"line":34,"column":204}},"14":{"start":{"line":36,"column":4},"end":{"line":54,"column":6}},"15":{"start":{"line":57,"column":94},"end":{"line":57,"column":102}},"16":{"start":{"line":60,"column":20},"end":{"line":65,"column":3}},"17":{"start":{"line":61,"column":14},"end":{"line":61,"column":43}},"18":{"start":{"line":62,"column":14},"end":{"line":62,"column":43}},"19":{"start":{"line":63,"column":14},"end":{"line":63,"column":43}},"20":{"start":{"line":64,"column":4},"end":{"line":64,"column":48}},"21":{"start":{"line":67,"column":24},"end":{"line":67,"column":57}},"22":{"start":{"line":70,"column":20},"end":{"line":70,"column":36}},"23":{"start":{"line":72,"column":18},"end":{"line":106,"column":3}},"24":{"start":{"line":73,"column":4},"end":{"line":105,"column":5}},"25":{"start":{"line":74,"column":6},"end":{"line":87,"column":8}},"26":{"start":{"line":90,"column":21},"end":{"line":90,"column":47}},"27":{"start":{"line":91,"column":6},"end":{"line":104,"column":8}},"28":{"start":{"line":108,"column":21},"end":{"line":108,"column":30}},"29":{"start":{"line":110,"column":22},"end":{"line":124,"column":null}},"30":{"start":{"line":127,"column":2},"end":{"line":129,"column":4}},"31":{"start":{"line":132,"column":0},"end":{"line":132,"column":42}}},"fnMap":{"0":{"name":"(anonymous_9)","decl":{"start":{"line":11,"column":68},"end":{"line":11,"column":69}},"loc":{"start":{"line":16,"column":5},"end":{"line":130,"column":1}}},"1":{"name":"(anonymous_10)","decl":{"start":{"line":19,"column":12},"end":{"line":19,"column":15}},"loc":{"start":{"line":19,"column":17},"end":{"line":28,"column":3}}},"2":{"name":"(anonymous_11)","decl":{"start":{"line":22,"column":31},"end":{"line":22,"column":34}},"loc":{"start":{"line":22,"column":37},"end":{"line":22,"column":50}}},"3":{"name":"(anonymous_12)","decl":{"start":{"line":23,"column":13},"end":{"line":23,"column":16}},"loc":{"start":{"line":23,"column":19},"end":{"line":23,"column":38}}},"4":{"name":"(anonymous_13)","decl":{"start":{"line":60,"column":20},"end":{"line":60,"column":21}},"loc":{"start":{"line":60,"column":53},"end":{"line":65,"column":3}}},"5":{"name":"(anonymous_14)","decl":{"start":{"line":72,"column":18},"end":{"line":72,"column":21}},"loc":{"start":{"line":72,"column":23},"end":{"line":106,"column":3}}}},"branchMap":{"0":{"loc":{"start":{"line":15,"column":2},"end":{"line":15,"column":22}},"type":"default-arg","locations":[{"start":{"line":15,"column":18},"end":{"line":15,"column":22}}]},"1":{"loc":{"start":{"line":20,"column":4},"end":{"line":27,"column":5}},"type":"if","locations":[{"start":{"line":20,"column":4},"end":{"line":27,"column":5}},{"start":{"line":24,"column":11},"end":{"line":27,"column":5}}]},"2":{"loc":{"start":{"line":30,"column":2},"end":{"line":30,"column":29}},"type":"if","locations":[{"start":{"line":30,"column":2},"end":{"line":30,"column":29}}]},"3":{"loc":{"start":{"line":33,"column":2},"end":{"line":55,"column":3}},"type":"if","locations":[{"start":{"line":33,"column":2},"end":{"line":55,"column":3}}]},"4":{"loc":{"start":{"line":73,"co
[...]
column":44}},"type":"if","locations":[{"start":{"line":59,"column":2},"end":{"line":59,"column":44}}]},"8":{"loc":{"start":{"line":74,"column":2},"end":{"line":74,"column":43}},"type":"if","locations":[{"start":{"line":74,"column":2},"end":{"line":74,"column":43}}]},"9":{"loc":{"start":{"line":75,"column":2},"end":{"line":75,"column":61}},"type":"if","locations":[{"start":{"line":75,"column":2},"end":{"line":75,"column":61}}]},"10":{"loc":{"start":{"line":80,"column":2},"end":{"line":86,"column":3}},"type":"if","locations":[{"start":{"line":80,"column":2},"end":{"line":86,"column":3}},{"start":{"line":82,"column":9},"end":{"line":86,"column":3}}]},"11":{"loc":{"start":{"line":80,"column":6},"end":{"line":80,"column":38}},"type":"binary-expr","locations":[{"start":{"line":80,"column":6},"end":{"line":80,"column":19}},{"start":{"line":80,"column":23},"end":{"line":80,"column":38}}]},"12":{"loc":{"start":{"line":82,"column":9},"end":{"line":86,"column":3}},"type":"if","locations":[{"start":{"line":82,"column":9},"end":{"line":86,"column":3}},{"start":{"line":84,"column":9},"end":{"line":86,"column":3}}]},"13":{"loc":{"start":{"line":98,"column":2},"end":{"line":98,"column":31}},"type":"if","locations":[{"start":{"line":98,"column":2},"end":{"line":98,"column":31}}]},"14":{"loc":{"start":{"line":100,"column":2},"end":{"line":102,"column":3}},"type":"if","locations":[{"start":{"line":100,"column":2},"end":{"line":102,"column":3}}]},"15":{"loc":{"start":{"line":101,"column":11},"end":{"line":101,"column":50}},"type":"binary-expr","locations":[{"start":{"line":101,"column":11},"end":{"line":101,"column":42}},{"start":{"line":101,"column":46},"end":{"line":101,"column":50}}]},"16":{"loc":{"start":{"line":101,"column":11},"end":{"line":101,"column":42}},"type":"cond-expr","locations":[{"start":{"line":101,"column":24},"end":{"line":101,"column":26}},{"start":{"line":101,"column":11},"end":{"line":101,"column":42}}]},"17":{"loc":{"start":{"line":101,"column":11},"end":{"line":101,"column":26}},"type":"binary-expr","locations":[{"start":{"line":101,"column":11},"end":{"line":101,"column":26}},{"start":{"line":101,"column":11},"end":{"line":101,"column":26}}]},"18":{"loc":{"start":{"line":107,"column":6},"end":{"line":109,"column":7}},"type":"if","locations":[{"start":{"line":107,"column":6},"end":{"line":109,"column":7}}]},"19":{"loc":{"start":{"line":107,"column":10},"end":{"line":107,"column":65}},"type":"binary-expr","locations":[{"start":{"line":107,"column":10},"end":{"line":107,"column":35}},{"start":{"line":107,"column":39},"end":{"line":107,"column":65}}]},"20":{"loc":{"start":{"line":116,"column":2},"end":{"line":116,"column":36}},"type":"if","locations":[{"start":{"line":116,"column":2},"end":{"line":116,"column":36}}]},"21":{"loc":{"start":{"line":121,"column":4},"end":{"line":121,"column":38}},"type":"if","locations":[{"start":{"line":121,"column":4},"end":{"line":121,"column":38}}]},"22":{"loc":{"start":{"line":135,"column":2},"end":{"line":135,"column":29}},"type":"if","locations":[{"start":{"line":135,"column":2},"end":{"line":135,"column":29}}]},"23":{"loc":{"start":{"line":166,"column":4},"end":{"line":171,"column":88}},"type":"cond-expr","locations":[{"start":{"line":167,"column":8},"end":{"line":169,"column":null}},{"start":{"line":171,"column":8},"end":{"line":171,"column":88}}]}},"s":{"0":1,"1":1,"2":0,"3":0,"4":0,"5":0,"6":0,"7":0,"8":0,"9":1,"10":1,"11":0,"12":0,"13":0,"14":0,"15":0,"16":0,"17":0,"18":0,"19":0,"20":0,"21":1,"22":1,"23":38,"24":0,"25":38,"26":38,"27":38,"28":38,"29":38,"30":38,"31":0,"32":38,"33":0,"34":38,"35":0,"36":38,"37":0,"38":38,"39":1,"40":1,"41":0,"42":0,"43":0,"44":0,"45":0,"46":0,"47":0,"48":0,"49":0,"50":0,"51":0,"52":0,"53":0,"54":1,"55":1,"56":0,"57":0,"58":0,"59":0,"60":0,"61":0,"62":0,"63":0,"64":0,"65":0,"66":0,"67":0,"68":0,"69":0,"70":0,"71":0,"72":0,"73":1,"74":1,"75":9,"76":9,"77":8,"78":1,"79":1,"80":1,"81":1,"82":1,"83":1,"84":1,"85":19,"86":1,"87":1,"88":9,"89":9,"90":1},"f":{"0":0,"1":0,"2":0,"3":0,"4":38,"5":0,"6":0,"7":0,"8":0,"9":0,"10":9,"11":1,"12":1,"13":19,"14":9},"b":{"0":[0,0,0,0,0,0],"1":[0],"2":[0],"3":[0],"4":[0],"5":[0],"6":[0],"7":[0],"8":[0],"9":[0],"10":[0,0],"11":[0,0],"12":[0,0],"13":[0],"14":[0],"15":[0,0],"16":[0,0],"17":[0,0],"18":[0],"19":[0,0],"20":[0],"21":[0],"22":[8],"23":[1,8]}}
,"/Users/k/Documents/home/PROJECT/p-write-vacy/p-write-vacy-react/src/contexts/ToastContext.tsx": {"path":"/Users/k/Documents/home/PROJECT/p-write-vacy/p-write-vacy-react/src/contexts/ToastContext.tsx","statementMap":{"0":{"start":{"line":1,"column":0},"end":{"line":1,"column":80}},"1":{"start":{"line":2,"column":0},"end":{"line":2,"column":53}},"2":{"start":{"line":13,"column":21},"end":{"line":13,"column":75}},"3":{"start":{"line":15,"column":24},"end":{"line":21,"column":1}},"4":{"start":{"line":16,"column":18},"end":{"line":16,"column":42}},"5":{"start":{"line":17,"column":2},"end":{"line":19,"column":3}},"6":{"start":{"line":18,"column":4},"end":{"line":18,"column":66}},"7":{"start":{"line":20,"column":2},"end":{"line":20,"column":17}},"8":{"start":{"line":15,"column":13},"end":{"line":15,"column":24}},"9":{"start":{"line":27,"column":59},"end":{"line":76,"column":1}},"10":{"start":{"line":28,"column":30},"end":{"line":28,"column":55}},"11":{"start":{"line":30,"column":20},"end":{"line":40,"column":8}},"12":{"start":{"line":31,"column":15},"end":{"line":31,"column":53}},"13":{"start":{"line":32,"column":32},"end":{"line":37,"column":6}},"14":{"start":{"line":39,"column":4},"end":{"line":39,"column":45}},"15":{"start":{"line":39,"column":24},"end":{"line":39,"column":43}},"16":{"start":{"line":42,"column":22},"end":{"line":44,"column":8}},"17":{"start":{"line":43,"column":4},"end":{"line":43,"column":65}},"18":{"start":{"line":43,"column":24},"end":{"line":43,"column":63}},"19":{"start":{"line":43,"column":47},"end":{"line":43,"column":62}},"20":{"start":{"line":46,"column":18},"end":{"line":48,"column":17}},"21":{"start":{"line":47,"column":4},"end":{"line":47,"column":44}},"22":{"start":{"line":50,"column":16},"end":{"line":52,"column":17}},"23":{"start":{"line":51,"column":4},"end":{"line":51,"column":42}},"24":{"start":{"line":54,"column":18},"end":{"line":56,"column":17}},"25":{"start":{"line":55,"column":4},"end":{"line":55,"column":44}},"26":{"start":{"line":58,"column":15},"end":{"line":60,"column":17}},"27":{"start":{"line":59,"column":4},"end":{"line":59,"column":41}},"28":{"start":{"line":62,"column":34},"end":{"line":68,"column":4}},"29":{"start":{"line":70,"column":2},"end":{"line":75,"column":4}},"30":{"start":{"line":27,"column":13},"end":{"line":27,"column":59}}},"fnMap":{"0":{"name":"(anonymous_0)","decl":{"start":{"line":15,"column":24},"end":{"line":15,"column":27}},"loc":{"start":{"line":15,"column":29},"end":{"line":21,"column":1}}},"1":{"name":"(anonymous_1)","decl":{"start":{"line":27,"column":59},"end":{"line":27,"column":60}},"loc":{"start":{"line":27,"column":76},"end":{"line":76,"column":1}}},"2":{"name":"(anonymous_2)","decl":{"start":{"line":30,"column":32},"end":{"line":30,"column":33}},"loc":{"start":{"line":30,"column":88},"end":{"line":40,"column":3}}},"3":{"name":"(anonymous_3)","decl":{"start":{"line":39,"column":14},"end":{"line":39,"column":15}},"loc":{"start":{"line":39,"column":24},"end":{"line":39,"column":43}}},"4":{"name":"(anonymous_4)","decl":{"start":{"line":42,"column":34},"end":{"line":42,"column":35}},"loc":{"start":{"line":42,"column":49},"end":{"line":44,"column":3}}},"5":{"name":"(anonymous_5)","decl":{"start":{"line":43,"column":14},"end":{"line":43,"column":15}},"loc":{"start":{"line":43,"column":24},"end":{"line":43,"column":63}}},"6":{"name":"(anonymous_6)","decl":{"start":{"line":43,"column":36},"end":{"line":43,"column":37}},"loc":{"start":{"line":43,"column":47},"end":{"line":43,"column":62}}},"7":{"name":"(anonymous_7)","decl":{"start":{"line":46,"column":30},"end":{"line":46,"column":31}},"loc":{"start":{"line":46,"column":69},"end":{"line":48,"column":3}}},"8":{"name":"(anonymous_8)","decl":{"start":{"line":50,"column":28},"end":{"line":50,"column":29}},"loc":{"start":{"line":50,"column":67},"end":{"line":52,"column":3}}},"9":{"name":"(anonymous_9)","decl":{"start":{"line":54,"column":30},"end":{"line":54,"column":31}},"loc":{"start":{"line":54,"column":69},"end":{"line":56,"column":3}}},"10":{"name":"(anonymous_10)","decl":{"start":{"line":58,"column":27},"end":{"line":58,"column":28}},"loc":{"start":{"line":58,"column":66},"end":{"line":60,"column":3}}}},"branchMap":{"0":{"loc":{"start":{"line":17,"column":2},"end":{"line":19,"column":3}},"type":"if","locations":[{"start":{"line":17,"column":2},"end":{"line":19,"column":3}}]}},"s":{"0":1,"1":1,"2":1,"3":1,"4":40,"5":40,"6":0,"7":40,"8":1,"9":1,"10":10,"11":10,"12":0,"13":0,"14":0,"15":0,"16":10,"17":0,"18":0,"19":0,"20":10,"21":0,"22":10,"23":0,"24":10,"25":0,"26":10,"27":0,"28":10,"29":10,"30":1},"f":{"0":40,"1":10,"2":0,"3":0,"4":0,"5":0,"6":0,"7":0,"8":0,"9":0,"10":0},"b":{"0":[0]}}
,"/Users/k/Documents/home/PROJECT/p-write-vacy/p-write-vacy-react/src/hooks/useCaretTracking.ts": {"path":"/Users/k/Documents/home/PROJECT/p-write-vacy/p-write-vacy-react/src/hooks/useCaretTracking.ts","statementMap":{"0":{"start":{"line":1,"column":0},"end":{"line":1,"column":60}},"1":{"start":{"line":4,"column":32},"end":{"line":91,"column":1}},"2":{"start":{"line":5,"column":44},"end":{"line":5,"column":85}},"3":{"start":{"line":7,"column":30},"end":{"line":51,"column":3}},"4":{"start":{"line":8,"column":4},"end":{"line":8,"column":40}},"5":{"start":{"line":8,"column":28},"end":{"line":8,"column":40}},"6":{"start":{"line":10,"column":22},"end":{"line":10,"column":43}},"7":{"start":{"line":11,"column":4},"end":{"line":18,"column":5}},"8":{"start":{"line":13,"column":25},"end":{"line":13,"column":66}},"9":{"start":{"line":14,"column":6},"end":{"line":17,"column":8}},"10":{"start":{"line":20,"column":18},"end":{"line":20,"column":41}},"11":{"start":{"line":23,"column":15},"end":{"line":23,"column":44}},"12":{"start":{"line":26,"column":4},"end":{"line":43,"column":5}},"13":{"start":{"line":27,"column":26},"end":{"line":27,"column":44}},"14":{"start":{"line":28,"column":19},"end":{"line":28,"column":49}},"15":{"start":{"line":29,"column":6},"end":{"line":29,"column":34}},"16":{"start":{"line":32,"column":25},"end":{"line":32,"column":43}},"17":{"start":{"line":34,"column":6},"end":{"line":34,"column":35}},"18":{"start":{"line":35,"column":6},"end":{"line":35,"column":42}},"19":{"start":{"line":38,"column":6},"end":{"line":38,"column":41}},"20":{"start":{"line":41,"column":6},"end":{"line":41,"column":34}},"21":{"start":{"line":42,"column":6},"end":{"line":42,"column":37}},"22":{"start":{"line":45,"column":39},"end":{"line":48,"column":6}},"23":{"start":{"line":50,"column":4},"end":{"line":50,"column":23}},"24":{"start":{"line":53,"column":30},"end":{"line":65,"column":3}},"25":{"start":{"line":54,"column":19},"end":{"line":54,"column":40}},"26":{"start":{"line":55,"column":4},"end":{"line":64,"column":5}},"27":{"start":{"line":56,"column":19},"end":{"line":56,"column":60}},"28":{"start":{"line":57,"column":23},"end":{"line":57,"column":66}},"29":{"start":{"line":58,"column":23},"end":{"line":58,"column":66}},"30":{"start":{"line":60,"column":6},"end":{"line":63,"column":9}},"31":{"start":{"line":67,"column":2},"end":{"line":88,"column":18}},"32":{"start":{"line":68,"column":19},"end":{"line":68,"column":36}},"33":{"start":{"line":69,"column":4},"end":{"line":69,"column":24}},"34":{"start":{"line":69,"column":17},"end":{"line":69,"column":24}},"35":{"start":{"line":72,"column":4},"end":{"line":72,"column":58}},"36":{"start":{"line":73,"column":4},"end":{"line":73,"column":58}},"37":{"start":{"line":74,"column":4},"end":{"line":74,"column":58}},"38":{"start":{"line":75,"column":4},"end":{"line":75,"column":58}},"39":{"start":{"line":76,"column":4},"end":{"line":76,"column":59}},"40":{"start":{"line":79,"column":4},"end":{"line":79,"column":41}},"41":{"start":{"line":81,"column":4},"end":{"line":87,"column":6}},"42":{"start":{"line":82,"column":6},"end":{"line":82,"column":63}},"43":{"start":{"line":83,"column":6},"end":{"line":83,"column":63}},"44":{"start":{"line":84,"column":6},"end":{"line":84,"column":63}},"45":{"start":{"line":85,"column":6},"end":{"line":85,"column":63}},"46":{"start":{"line":86,"column":6},"end":{"line":86,"column":64}},"47":{"start":{"line":90,"column":2},"end":{"line":90,"column":27}},"48":{"start":{"line":4,"column":13},"end":{"line":4,"column":32}}},"fnMap":{"0":{"name":"(anonymous_0)","decl":{"start":{"line":4,"column":32},"end":{"line":4,"column":33}},"loc":{"start":{"line":4,"column":80},"end":{"line":91,"column":1}}},"1":{"name":"(anonymous_1)","decl":{"start":{"line":7,"column":30},"end":{"line":7,"column":55}},"loc":{"start":{"line":7,"column":57},"end":{"line":51,"column":3}}},"2":{"name":"(anonymous_2)","decl":{"start":{"line":53,"column":30},"end":{"line":53,"column":33}},"loc":{"start":{"line":53,"column":35},"end":{"line":65,"column":3}}},"3":{"name":"(anonymous_3)","decl":{"start":{"line":67,"column":12},"end":{"line":67,"column":15}},"loc":{"start":{"line":67,"column":17},"end":{"line":88,"column":3}}},"4":{"name":"(anonymous_4)","decl":{"start":{"line":81,"column":11},"end":{"line":81,"column":14}},"loc":{"start":{"line":81,"column":16},"end":{"line":87,"column":5}}}},"branchMap":{"0":{"loc":{"start":{"line":8,"column":4},"end":{"line":8,"column":40}},"type":"if","locations":[{"start":{"line":8,"column":4},"end":{"line":8,"column":40}}]},"1":{"loc":{"start":{"line":11,"column":4},"end":{"line":18,"column":5}},"type":"if","locations":[{"start":{"line":11,"column":4},"end":{"line":18,"column":5}}]},"2":{"loc":{"start":{"line":11,"column":8},"end":{"line":11,"column":43}},"type":"binary-expr","locations":[{"start":{"line":11,"column":8},"end":{"line":11,"column":18}},{"start":{"line":11,"column":22},"end":{"line":11,"column":43}}]},"3":{"loc":{"start":{"line":26,"column":4},"end":{"line":43,"column":5}},"type":"if","locations":[{"start":{"line":26,"column":4},"end":{"line":43,"column":5}}]},"4":{"loc":{"start":{"line":26,"column":8},"end":{"line":26,"column":45}},"type":"binary-expr","locations":[{"start":{"line":26,"column":8},"end":{"line":26,"column":24}},{"start":{"line":26,"column":28},"end":{"line":26,"column":45}}]},"5":{"loc":{"start":{"line":38,"column":6},"end":{"line":38,"column":40}},"type":"cond-expr","locations":[{"start":{"line":38,"column":21},"end":{"line":38,"column":23}},{"start":{"line":38,"column":21},"end":{"line":38,"column":40}}]},"6":{"loc":{"start":{"line":38,"column":6},"end":{"line":38,"column":23}},"type":"binary-expr","locations":[{"start":{"line":38,"column":6},"end":{"line":38,"column":23}},{"start":{"line":38,"column":21},"end":{"line":38,"column":23}}]},"7":{"loc":{"start":{"line":55,"column":4},"end":{"line":64,"column":5}},"type":"if","locations":[{"start":{"line":55,"column":4},"end":{"line":64,"column":5}}]},"8":{"loc":{"start":{"line":55,"column":8},"end":{"line":55,"column":35}},"type":"binary-expr","locations":[{"start":{"line":55,"column":8},"end":{"line":55,"column":14}},{"start":{"line":55,"column":18},"end":{"line":55,"column":35}}]},"9":{"loc":{"start":{"line":69,"column":4},"end":{"line":69,"column":24}},"type":"if","locations":[{"start":{"line":69,"column":4},"end":{"line":69,"column":24}}]}},"s":{"0":0,"1":0,"2":0,"3":0,"4":0,"5":0,"6":0,"7":0,"8":0,"9":0,"10":0,"11":0,"12":0,"13":0,"14":0,"15":0,"16":0,"17":0,"18":0,"19":0,"20":0,"21":0,"22":0,"23":0,"24":0,"25":0,"26":0,"27":0,"28":0,"29":0,"30":0,"31":0,"32":0,"33":0,"34":0,"35":0,"36":0,"37":0,"38":0,"39":0,"40":0,"41":0,"42":0,"43":0,"44":0,"45":0,"46":0,"47":0,"48":0},"f":{"0":0,"1":0,"2":0,"3":0,"4":0},"b":{"0":[0],"1":[0],"2":[0,0],"3":[0],"4":[0,0],"5":[0,0],"6":[0,0],"7":[0],"8":[0,0],"9":[0]}}
,"/Users/k/Documents/home/PROJECT/p-write-vacy/p-write-vacy-react/src/test-utils/testUtils.tsx": {"path":"/Users/k/Documents/home/PROJECT/p-write-vacy/p-write-vacy-react/src/test-utils/testUtils.tsx","statementMap":{"0":{"start":{"line":7,"column":0},"end":{"line":7,"column":63}},"1":{"start":{"line":8,"column":0},"end":{"line":8,"column":57}},"2":{"start":{"line":14,"column":24},"end":{"line":16,"column":1}},"3":{"start":{"line":15,"column":2},"end":{"line":15,"column":51}},"4":{"start":{"line":18,"column":35},"end":{"line":23,"column":1}},"5":{"start":{"line":22,"column":2},"end":{"line":22,"column":62}},"6":{"start":{"line":18,"column":13},"end":{"line":18,"column":35}},"7":{"start":{"line":28,"column":35},"end":{"line":40,"column":1}},"8":{"start":{"line":31,"column":34},"end":{"line":37,"column":4}},"9":{"start":{"line":39,"column":2},"end":{"line":39,"column":43}},"10":{"start":{"line":28,"column":13},"end":{"line":28,"column":35}},"11":{"start":{"line":45,"column":37},"end":{"line":52,"column":1}},"12":{"start":{"line":46,"column":2},"end":{"line":51,"column":4}},"13":{"start":{"line":47,"column":4},"end":{"line":50,"column":6}},"14":{"start":{"line":45,"column":13},"end":{"line":45,"column":37}},"15":{"start":{"line":57,"column":37},"end":{"line":69,"column":1}},"16":{"start":{"line":60,"column":34},"end":{"line":66,"column":4}},"17":{"start":{"line":68,"column":2},"end":{"line":68,"column":43}},"18":{"start":{"line":57,"column":13},"end":{"line":57,"column":37}},"19":{"start":{"line":74,"column":28},"end":{"line":75,"column":50}},"20":{"start":{"line":75,"column":2},"end":{"line":75,"column":50}},"21":{"start":{"line":75,"column":27},"end":{"line":75,"column":49}},"22":{"start":{"line":74,"column":13},"end":{"line":74,"column":28}},"23":{"start":{"line":81,"column":0},"end":{"line":81,"column":9}},"24":{"start":{"line":81,"column":9},"end":{"line":81,"column":52}},"25":{"start":{"line":86,"column":0},"end":{"line":86,"column":39}},"26":{"start":{"line":87,"column":0},"end":{"line":87,"column":9}},"27":{"start":{"line":87,"column":9},"end":{"line":87,"column":29}}},"fnMap":{"0":{"name":"(anonymous_5)","decl":{"start":{"line":14,"column":24},"end":{"line":14,"column":25}},"loc":{"start":{"line":14,"column":72},"end":{"line":16,"column":1}}},"1":{"name":"(anonymous_6)","decl":{"start":{"line":18,"column":35},"end":{"line":18,"column":null}},"loc":{"start":{"line":21,"column":4},"end":{"line":23,"column":1}}},"2":{"name":"(anonymous_7)","decl":{"start":{"line":28,"column":35},"end":{"line":28,"column":null}},"loc":{"start":{"line":30,"column":15},"end":{"line":40,"column":1}}},"3":{"name":"(anonymous_8)","decl":{"start":{"line":45,"column":37},"end":{"line":45,"column":38}},"loc":{"start":{"line":45,"column":68},"end":{"line":52,"column":1}}},"4":{"name":"(anonymous_9)","decl":{"start":{"line":46,"column":39},"end":{"line":46,"column":40}},"loc":{"start":{"line":47,"column":4},"end":{"line":50,"column":6}}},"5":{"name":"(anonymous_10)","decl":{"start":{"line":57,"column":37},"end":{"line":57,"column":null}},"loc":{"start":{"line":59,"column":15},"end":{"line":69,"column":1}}},"6":{"name":"(anonymous_11)","decl":{"start":{"line":74,"column":28},"end":{"line":74,"column":31}},"loc":{"start":{"line":75,"column":2},"end":{"line":75,"column":50}}},"7":{"name":"(anonymous_12)","decl":{"start":{"line":75,"column":14},"end":{"line":75,"column":15}},"loc":{"start":{"line":75,"column":27},"end":{"line":75,"column":49}}},"8":{"name":"(anonymous_13)","decl":{"start":{"line":81,"column":9},"end":{"line":81,"column":19}},"loc":{"start":{"line":81,"column":9},"end":{"line":81,"column":52}}},"9":{"name":"(anonymous_14)","decl":{"start":{"line":87,"column":9},"end":{"line":87,"column":16}},"loc":{"start":{"line":87,"column":9},"end":{"line":87,"column":29}}}},"branchMap":{},"s":{"0":1,"1":1,"2":1,"3":10,"4":1,"5":10,"6":1,"7":1,"8":0,"9":0,"10":1,"11":1,"12":0,"13":0,"14":1,"15":1,"16":0,"17":0,"18":1,"19":1,"20":0,"21":0,"22":1,"23":1,"24":1,"25":1,"26":1,"27":1},"f":{"0":10,"1":10,"2":0,"3":0,"4":0,"5":0,"6":0,"7":0,"8":0,"9":0},"b":{}}
}
