TN:
SF:src/App.tsx
FN:32,App
FN:64,(anonymous_8)
FN:70,(anonymous_9)
FN:78,(anonymous_10)
FN:107,(anonymous_11)
FN:110,(anonymous_12)
FN:114,(anonymous_13)
FN:118,(anonymous_14)
FN:123,(anonymous_15)
FN:131,(anonymous_16)
FN:136,(anonymous_17)
FN:137,(anonymous_18)
FN:149,(anonymous_19)
FN:155,(anonymous_20)
FN:161,(anonymous_21)
FN:173,(anonymous_22)
FN:185,(anonymous_23)
FN:197,(anonymous_24)
FN:208,(anonymous_25)
FN:211,(anonymous_26)
FN:221,(anonymous_27)
FN:226,(anonymous_28)
FN:241,(anonymous_29)
FN:245,(anonymous_30)
FN:247,(anonymous_31)
FN:253,(anonymous_32)
FN:254,(anonymous_33)
FN:258,(anonymous_34)
FN:258,(anonymous_35)
FN:267,(anonymous_36)
FN:267,(anonymous_37)
FN:281,(anonymous_38)
FN:304,(anonymous_39)
FN:309,(anonymous_40)
FN:316,(anonymous_41)
FN:316,(anonymous_42)
FN:330,(anonymous_43)
FN:350,(anonymous_44)
FN:350,(anonymous_45)
FN:359,(anonymous_46)
FN:366,(anonymous_47)
FN:374,(anonymous_48)
FN:374,(anonymous_49)
FN:378,(anonymous_50)
FN:384,(anonymous_51)
FN:384,(anonymous_52)
FN:398,(anonymous_53)
FN:408,(anonymous_54)
FN:414,(anonymous_55)
FN:423,(anonymous_56)
FN:424,(anonymous_57)
FN:444,(anonymous_58)
FN:444,(anonymous_59)
FN:567,(anonymous_60)
FN:567,(anonymous_61)
FN:625,(anonymous_62)
FN:625,(anonymous_63)
FN:674,(anonymous_64)
FN:680,(anonymous_65)
FN:682,(anonymous_66)
FN:682,(anonymous_67)
FNF:61
FNH:0
FNDA:0,App
FNDA:0,(anonymous_8)
FNDA:0,(anonymous_9)
FNDA:0,(anonymous_10)
FNDA:0,(anonymous_11)
FNDA:0,(anonymous_12)
FNDA:0,(anonymous_13)
FNDA:0,(anonymous_14)
FNDA:0,(anonymous_15)
FNDA:0,(anonymous_16)
FNDA:0,(anonymous_17)
FNDA:0,(anonymous_18)
FNDA:0,(anonymous_19)
FNDA:0,(anonymous_20)
FNDA:0,(anonymous_21)
FNDA:0,(anonymous_22)
FNDA:0,(anonymous_23)
FNDA:0,(anonymous_24)
FNDA:0,(anonymous_25)
FNDA:0,(anonymous_26)
FNDA:0,(anonymous_27)
FNDA:0,(anonymous_28)
FNDA:0,(anonymous_29)
FNDA:0,(anonymous_30)
FNDA:0,(anonymous_31)
FNDA:0,(anonymous_32)
FNDA:0,(anonymous_33)
FNDA:0,(anonymous_34)
FNDA:0,(anonymous_35)
FNDA:0,(anonymous_36)
FNDA:0,(anonymous_37)
FNDA:0,(anonymous_38)
FNDA:0,(anonymous_39)
FNDA:0,(anonymous_40)
FNDA:0,(anonymous_41)
FNDA:0,(anonymous_42)
FNDA:0,(anonymous_43)
FNDA:0,(anonymous_44)
FNDA:0,(anonymous_45)
FNDA:0,(anonymous_46)
FNDA:0,(anonymous_47)
FNDA:0,(anonymous_48)
FNDA:0,(anonymous_49)
FNDA:0,(anonymous_50)
FNDA:0,(anonymous_51)
FNDA:0,(anonymous_52)
FNDA:0,(anonymous_53)
FNDA:0,(anonymous_54)
FNDA:0,(anonymous_55)
FNDA:0,(anonymous_56)
FNDA:0,(anonymous_57)
FNDA:0,(anonymous_58)
FNDA:0,(anonymous_59)
FNDA:0,(anonymous_60)
FNDA:0,(anonymous_61)
FNDA:0,(anonymous_62)
FNDA:0,(anonymous_63)
FNDA:0,(anonymous_64)
FNDA:0,(anonymous_65)
FNDA:0,(anonymous_66)
FNDA:0,(anonymous_67)
DA:1,0
DA:2,0
DA:3,0
DA:4,0
DA:5,0
DA:6,0
DA:7,0
DA:8,0
DA:10,0
DA:13,0
DA:20,0
DA:33,0
DA:34,0
DA:35,0
DA:36,0
DA:37,0
DA:40,0
DA:41,0
DA:44,0
DA:45,0
DA:46,0
DA:47,0
DA:48,0
DA:49,0
DA:52,0
DA:55,0
DA:56,0
DA:57,0
DA:58,0
DA:61,0
DA:64,0
DA:65,0
DA:70,0
DA:71,0
DA:72,0
DA:73,0
DA:74,0
DA:78,0
DA:79,0
DA:80,0
DA:81,0
DA:83,0
DA:84,0
DA:87,0
DA:88,0
DA:89,0
DA:90,0
DA:92,0
DA:96,0
DA:97,0
DA:98,0
DA:99,0
DA:101,0
DA:107,0
DA:108,0
DA:110,0
DA:111,0
DA:114,0
DA:118,0
DA:119,0
DA:123,0
DA:124,0
DA:131,0
DA:132,0
DA:136,0
DA:137,0
DA:139,0
DA:140,0
DA:141,0
DA:142,0
DA:143,0
DA:147,0
DA:148,0
DA:149,0
DA:153,0
DA:154,0
DA:155,0
DA:159,0
DA:160,0
DA:161,0
DA:162,0
DA:163,0
DA:164,0
DA:166,0
DA:171,0
DA:172,0
DA:173,0
DA:174,0
DA:175,0
DA:176,0
DA:178,0
DA:183,0
DA:184,0
DA:185,0
DA:186,0
DA:187,0
DA:188,0
DA:190,0
DA:195,0
DA:196,0
DA:197,0
DA:198,0
DA:199,0
DA:200,0
DA:202,0
DA:207,0
DA:208,0
DA:211,0
DA:212,0
DA:213,0
DA:214,0
DA:215,0
DA:216,0
DA:217,0
DA:221,0
DA:222,0
DA:226,0
DA:227,0
DA:228,0
DA:229,0
DA:232,0
DA:238,0
DA:241,0
DA:242,0
DA:245,0
DA:246,0
DA:248,0
DA:253,0
DA:254,0
DA:258,0
DA:259,0
DA:260,0
DA:261,0
DA:262,0
DA:263,0
DA:267,0
DA:268,0
DA:271,0
DA:272,0
DA:273,0
DA:274,0
DA:276,0
DA:278,0
DA:279,0
DA:280,0
DA:281,0
DA:282,0
DA:283,0
DA:289,0
DA:290,0
DA:291,0
DA:292,0
DA:293,0
DA:294,0
DA:295,0
DA:296,0
DA:297,0
DA:299,0
DA:300,0
DA:304,0
DA:305,0
DA:309,0
DA:310,0
DA:311,0
DA:316,0
DA:317,0
DA:320,0
DA:321,0
DA:322,0
DA:323,0
DA:325,0
DA:327,0
DA:328,0
DA:329,0
DA:330,0
DA:331,0
DA:332,0
DA:338,0
DA:339,0
DA:340,0
DA:341,0
DA:342,0
DA:343,0
DA:345,0
DA:346,0
DA:350,0
DA:351,0
DA:353,0
DA:354,0
DA:355,0
DA:356,0
DA:357,0
DA:359,0
DA:360,0
DA:362,0
DA:366,0
DA:368,0
DA:369,0
DA:370,0
DA:371,0
DA:374,0
DA:378,0
DA:379,0
DA:382,0
DA:384,0
DA:385,0
DA:387,0
DA:388,0
DA:389,0
DA:390,0
DA:391,0
DA:392,0
DA:393,0
DA:394,0
DA:395,0
DA:398,0
DA:399,0
DA:402,0
DA:403,0
DA:404,0
DA:405,0
DA:408,0
DA:409,0
DA:414,0
DA:419,0
DA:423,0
DA:424,0
DA:444,0
DA:567,0
DA:625,0
DA:674,0
DA:680,0
DA:682,0
DA:704,0
LF:234
LH:0
BRDA:61,0,0,0
BRDA:61,0,1,0
BRDA:61,1,0,0
BRDA:61,1,1,0
BRDA:83,2,0,0
BRDA:87,3,0,0
BRDA:96,4,0,0
BRDA:108,5,0,0
BRDA:139,6,0,0
BRDA:139,7,0,0
BRDA:139,7,1,0
BRDA:147,8,0,0
BRDA:147,9,0,0
BRDA:147,9,1,0
BRDA:153,10,0,0
BRDA:153,11,0,0
BRDA:153,11,1,0
BRDA:159,12,0,0
BRDA:159,13,0,0
BRDA:159,13,1,0
BRDA:163,14,0,0
BRDA:171,15,0,0
BRDA:171,16,0,0
BRDA:171,16,1,0
BRDA:175,17,0,0
BRDA:183,18,0,0
BRDA:183,19,0,0
BRDA:183,19,1,0
BRDA:187,20,0,0
BRDA:195,21,0,0
BRDA:195,22,0,0
BRDA:195,22,1,0
BRDA:199,23,0,0
BRDA:215,24,0,0
BRDA:227,25,0,0
BRDA:248,26,0,0
BRDA:248,26,1,0
BRDA:259,27,0,0
BRDA:261,28,0,0
BRDA:268,29,0,0
BRDA:271,30,0,0
BRDA:271,31,0,0
BRDA:271,31,1,0
BRDA:272,32,0,0
BRDA:272,32,1,0
BRDA:276,33,0,0
BRDA:290,34,0,0
BRDA:290,34,1,0
BRDA:290,35,0,0
BRDA:290,35,1,0
BRDA:317,36,0,0
BRDA:320,37,0,0
BRDA:320,38,0,0
BRDA:320,38,1,0
BRDA:321,39,0,0
BRDA:321,39,1,0
BRDA:325,40,0,0
BRDA:339,41,0,0
BRDA:339,41,1,0
BRDA:339,42,0,0
BRDA:339,42,1,0
BRDA:351,43,0,0
BRDA:351,44,0,0
BRDA:351,44,1,0
BRDA:354,45,0,0
BRDA:354,45,1,0
BRDA:354,46,0,0
BRDA:354,46,1,0
BRDA:368,47,0,0
BRDA:379,48,0,0
BRDA:379,49,0,0
BRDA:379,49,1,0
BRDA:379,49,2,0
BRDA:385,50,0,0
BRDA:385,51,0,0
BRDA:385,51,1,0
BRDA:390,52,0,0
BRDA:390,52,1,0
BRDA:442,53,0,0
BRDA:442,53,1,0
BRDA:450,54,0,0
BRDA:450,54,1,0
BRDA:451,55,0,0
BRDA:451,55,1,0
BRDA:452,56,0,0
BRDA:452,56,1,0
BRDA:452,57,0,0
BRDA:452,57,1,0
BRDA:453,58,0,0
BRDA:453,58,1,0
BRDA:453,59,0,0
BRDA:453,59,1,0
BRDA:490,60,0,0
BRDA:490,60,1,0
BRDA:518,61,0,0
BRDA:518,61,1,0
BRDA:523,62,0,0
BRDA:523,62,1,0
BRDA:544,63,0,0
BRDA:544,63,1,0
BRDA:564,64,0,0
BRDA:564,64,1,0
BRDA:565,65,0,0
BRDA:565,65,1,0
BRDA:575,66,0,0
BRDA:575,66,1,0
BRDA:575,67,0,0
BRDA:575,67,1,0
BRDA:576,68,0,0
BRDA:576,68,1,0
BRDA:576,69,0,0
BRDA:576,69,1,0
BRDA:580,70,0,0
BRDA:580,70,1,0
BRDA:582,71,0,0
BRDA:582,71,1,0
BRDA:622,72,0,0
BRDA:622,72,1,0
BRDA:622,72,2,0
BRDA:623,73,0,0
BRDA:623,73,1,0
BRDA:633,74,0,0
BRDA:633,74,1,0
BRDA:633,75,0,0
BRDA:633,75,1,0
BRDA:634,76,0,0
BRDA:634,76,1,0
BRDA:634,77,0,0
BRDA:634,77,1,0
BRDA:638,78,0,0
BRDA:638,78,1,0
BRDA:640,79,0,0
BRDA:640,79,1,0
BRDA:675,80,0,0
BRDA:675,80,1,0
BRDA:693,81,0,0
BRDA:693,81,1,0
BRDA:693,81,2,0
BRF:138
BRH:0
end_of_record
TN:
SF:src/components/ContextMenu.tsx
FN:11,(anonymous_0)
FN:20,(anonymous_1)
FN:21,(anonymous_2)
FN:27,(anonymous_3)
FN:36,(anonymous_4)
FN:49,(anonymous_5)
FN:61,(anonymous_6)
FNF:7
FNH:0
FNDA:0,(anonymous_0)
FNDA:0,(anonymous_1)
FNDA:0,(anonymous_2)
FNDA:0,(anonymous_3)
FNDA:0,(anonymous_4)
FNDA:0,(anonymous_5)
FNDA:0,(anonymous_6)
DA:1,0
DA:11,0
DA:18,0
DA:20,0
DA:21,0
DA:22,0
DA:23,0
DA:27,0
DA:28,0
DA:29,0
DA:33,0
DA:34,0
DA:36,0
DA:37,0
DA:38,0
DA:42,0
DA:50,0
DA:51,0
DA:62,0
DA:63,0
LF:20
LH:0
BRDA:22,0,0,0
BRDA:22,1,0,0
BRDA:22,1,1,0
BRDA:28,2,0,0
BRF:4
BRH:0
end_of_record
TN:
SF:src/components/Editor.tsx
FN:15,(anonymous_0)
FN:29,(anonymous_1)
FN:34,(anonymous_2)
FN:69,(anonymous_3)
FN:76,(anonymous_4)
FNF:5
FNH:0
FNDA:0,(anonymous_0)
FNDA:0,(anonymous_1)
FNDA:0,(anonymous_2)
FNDA:0,(anonymous_3)
FNDA:0,(anonymous_4)
DA:1,0
DA:2,0
DA:3,0
DA:15,0
DA:23,0
DA:24,0
DA:25,0
DA:26,0
DA:29,0
DA:30,0
DA:34,0
DA:35,0
DA:37,0
DA:38,0
DA:39,0
DA:40,0
DA:43,0
DA:44,0
DA:47,0
DA:48,0
DA:49,0
DA:50,0
DA:51,0
DA:52,0
DA:53,0
DA:54,0
DA:55,0
DA:56,0
DA:57,0
DA:66,0
DA:69,0
DA:71,0
DA:72,0
DA:73,0
DA:76,0
DA:77,0
DA:78,0
DA:82,0
LF:38
LH:0
BRDA:20,0,0,0
BRDA:35,1,0,0
BRDA:35,2,0,0
BRDA:35,2,1,0
BRDA:39,3,0,0
BRDA:39,3,1,0
BRDA:39,4,0,0
BRDA:39,4,1,0
BRDA:40,5,0,0
BRDA:40,5,1,0
BRDA:43,6,0,0
BRDA:47,7,0,0
BRDA:52,8,0,0
BRDA:52,9,0,0
BRDA:52,9,1,0
BRDA:53,10,0,0
BRDA:53,10,1,0
BRDA:53,11,0,0
BRDA:53,11,1,0
BRDA:53,12,0,0
BRDA:53,12,1,0
BRDA:56,13,0,0
BRDA:56,13,1,0
BRDA:56,14,0,0
BRDA:56,14,1,0
BRDA:57,15,0,0
BRDA:57,15,1,0
BRDA:57,16,0,0
BRDA:57,16,1,0
BRDA:71,17,0,0
BRDA:71,17,1,0
BRDA:77,18,0,0
BRDA:104,19,0,0
BRDA:104,19,1,0
BRF:34
BRH:0
end_of_record
TN:
SF:src/components/FileExplorer.tsx
FN:42,(anonymous_7)
FN:70,(anonymous_8)
FN:70,(anonymous_9)
FN:77,(anonymous_10)
FN:127,(anonymous_11)
FN:128,(anonymous_12)
FN:138,(anonymous_13)
FN:142,(anonymous_14)
FN:148,(anonymous_15)
FN:174,(anonymous_16)
FN:178,(anonymous_17)
FN:179,(anonymous_18)
FN:180,(anonymous_19)
FN:216,(anonymous_20)
FN:221,(anonymous_21)
FN:243,(anonymous_22)
FN:244,(anonymous_23)
FN:265,(anonymous_24)
FN:285,(anonymous_25)
FN:287,(anonymous_26)
FNF:20
FNH:5
FNDA:20,(anonymous_7)
FNDA:0,(anonymous_8)
FNDA:0,(anonymous_9)
FNDA:0,(anonymous_10)
FNDA:10,(anonymous_11)
FNDA:2,(anonymous_12)
FNDA:10,(anonymous_13)
FNDA:0,(anonymous_14)
FNDA:28,(anonymous_15)
FNDA:0,(anonymous_16)
FNDA:0,(anonymous_17)
FNDA:0,(anonymous_18)
FNDA:0,(anonymous_19)
FNDA:0,(anonymous_20)
FNDA:0,(anonymous_21)
FNDA:0,(anonymous_22)
FNDA:0,(anonymous_23)
FNDA:0,(anonymous_24)
FNDA:0,(anonymous_25)
FNDA:0,(anonymous_26)
DA:1,1
DA:3,1
DA:6,1
DA:7,1
DA:8,1
DA:9,1
DA:10,1
DA:13,1
DA:14,1
DA:15,1
DA:16,1
DA:19,1
DA:42,1
DA:57,20
DA:58,20
DA:59,20
DA:62,20
DA:70,20
DA:71,0
DA:72,0
DA:77,20
DA:78,0
DA:81,20
DA:90,20
DA:102,20
DA:111,20
DA:127,20
DA:128,10
DA:129,2
DA:130,0
DA:131,0
DA:132,0
DA:137,10
DA:138,10
DA:142,20
DA:143,0
DA:144,0
DA:148,20
DA:149,28
DA:150,19
DA:152,9
DA:157,20
DA:159,20
DA:161,19
DA:175,0
DA:176,0
DA:178,0
DA:179,0
DA:180,0
DA:217,0
DA:218,0
DA:219,0
DA:222,0
DA:223,0
DA:224,0
DA:225,0
DA:226,0
DA:227,0
DA:243,0
DA:244,0
DA:266,0
DA:267,0
DA:285,0
DA:288,0
DA:289,0
LF:65
LH:36
BRDA:54,0,0,0
BRDA:71,1,0,0
BRDA:129,2,0,0
BRDA:131,3,0,0
BRDA:149,4,0,19
BRDA:149,4,1,9
BRDA:159,5,0,1
BRDA:187,6,0,19
BRDA:187,6,1,0
BRDA:198,7,0,19
BRDA:198,7,1,0
BRDA:209,8,0,2
BRDA:209,8,1,17
BRDA:226,9,0,0
BRDA:226,10,0,0
BRDA:226,10,1,0
BRDA:226,10,2,0
BRDA:226,10,3,0
BRDA:261,11,0,19
BRDA:261,11,1,17
BRDA:275,12,0,17
BRDA:275,12,1,0
BRDA:282,13,0,19
BRDA:282,13,1,0
BRDA:302,14,0,19
BRDA:302,14,1,0
BRDA:302,14,2,0
BRDA:321,15,0,0
BRDA:321,15,1,0
BRDA:322,16,0,0
BRDA:322,16,1,0
BRF:31
BRH:12
end_of_record
TN:
SF:src/components/FocusOverlay.tsx
FN:11,(anonymous_9)
FN:19,(anonymous_10)
FN:22,(anonymous_11)
FN:23,(anonymous_12)
FN:60,(anonymous_13)
FN:72,(anonymous_14)
FNF:6
FNH:0
FNDA:0,(anonymous_9)
FNDA:0,(anonymous_10)
FNDA:0,(anonymous_11)
FNDA:0,(anonymous_12)
FNDA:0,(anonymous_13)
FNDA:0,(anonymous_14)
DA:1,0
DA:11,0
DA:17,0
DA:19,0
DA:20,0
DA:22,0
DA:23,0
DA:26,0
DA:30,0
DA:33,0
DA:34,0
DA:36,0
DA:57,0
DA:60,0
DA:61,0
DA:62,0
DA:63,0
DA:64,0
DA:67,0
DA:70,0
DA:72,0
DA:73,0
DA:74,0
DA:90,0
DA:91,0
DA:108,0
DA:110,0
DA:127,0
DA:132,0
LF:29
LH:0
BRDA:15,0,0,0
BRDA:20,1,0,0
BRDA:20,1,1,0
BRDA:30,2,0,0
BRDA:33,3,0,0
BRDA:73,4,0,0
BRDA:73,4,1,0
BRF:7
BRH:0
end_of_record
TN:
SF:src/components/MarkdownViewer.tsx
FN:15,(anonymous_1)
FN:27,(anonymous_2)
FN:31,(anonymous_3)
FN:32,(anonymous_4)
FN:47,(anonymous_5)
FNF:5
FNH:0
FNDA:0,(anonymous_1)
FNDA:0,(anonymous_2)
FNDA:0,(anonymous_3)
FNDA:0,(anonymous_4)
FNDA:0,(anonymous_5)
DA:1,0
DA:2,0
DA:3,0
DA:4,0
DA:15,0
DA:22,0
DA:23,0
DA:24,0
DA:27,0
DA:28,0
DA:31,0
DA:32,0
DA:33,0
DA:34,0
DA:35,0
DA:36,0
DA:37,0
DA:38,0
DA:39,0
DA:44,0
DA:45,0
DA:46,0
DA:47,0
DA:51,0
LF:24
LH:0
BRDA:33,0,0,0
BRDA:38,1,0,0
BRDA:45,2,0,0
BRDA:67,3,0,0
BRDA:67,3,1,0
BRF:5
BRH:0
end_of_record
TN:
SF:src/components/SaveStatus.tsx
FN:11,(anonymous_0)
FN:12,(anonymous_1)
FNF:2
FNH:0
FNDA:0,(anonymous_0)
FNDA:0,(anonymous_1)
DA:11,0
DA:12,0
DA:13,0
DA:15,0
DA:25,0
DA:35,0
DA:45,0
DA:57,0
DA:59,0
LF:9
LH:0
BRDA:13,0,0,0
BRDA:13,0,1,0
BRDA:13,0,2,0
BRDA:13,0,3,0
BRDA:21,1,0,0
BRDA:21,1,1,0
BRDA:31,2,0,0
BRDA:31,2,1,0
BRDA:51,3,0,0
BRDA:51,3,1,0
BRF:10
BRH:0
end_of_record
TN:
SF:src/components/SettingsButton.tsx
FN:9,(anonymous_0)
FNF:1
FNH:0
FNDA:0,(anonymous_0)
DA:2,0
DA:9,0
DA:10,0
LF:3
LH:0
BRDA:18,0,0,0
BRDA:18,0,1,0
BRDA:19,1,0,0
BRDA:19,1,1,0
BRF:4
BRH:0
end_of_record
TN:
SF:src/components/Sidebar.tsx
FN:19,(anonymous_0)
FN:43,(anonymous_1)
FN:52,(anonymous_2)
FN:61,(anonymous_3)
FN:65,(anonymous_4)
FN:69,(anonymous_5)
FN:73,(anonymous_6)
FN:77,(anonymous_7)
FN:87,(anonymous_8)
FN:91,(anonymous_9)
FN:95,(anonymous_10)
FN:104,(anonymous_11)
FN:109,(anonymous_12)
FN:116,(anonymous_13)
FN:124,(anonymous_14)
FN:188,(anonymous_15)
FN:192,(anonymous_16)
FN:193,(anonymous_17)
FN:200,(anonymous_18)
FN:201,(anonymous_19)
FN:209,(anonymous_20)
FN:219,(anonymous_21)
FN:220,(anonymous_22)
FN:258,(anonymous_23)
FN:259,(anonymous_24)
FN:279,(anonymous_25)
FN:292,(anonymous_26)
FN:345,(anonymous_27)
FN:355,(anonymous_28)
FN:382,(anonymous_29)
FN:402,(anonymous_30)
FN:421,(anonymous_31)
FN:442,(anonymous_32)
FN:464,(anonymous_33)
FN:482,(anonymous_34)
FN:506,(anonymous_35)
FN:530,(anonymous_36)
FN:549,(anonymous_37)
FN:581,(anonymous_38)
FN:582,(anonymous_39)
FN:583,(anonymous_40)
FN:586,(anonymous_41)
FNF:42
FNH:0
FNDA:0,(anonymous_0)
FNDA:0,(anonymous_1)
FNDA:0,(anonymous_2)
FNDA:0,(anonymous_3)
FNDA:0,(anonymous_4)
FNDA:0,(anonymous_5)
FNDA:0,(anonymous_6)
FNDA:0,(anonymous_7)
FNDA:0,(anonymous_8)
FNDA:0,(anonymous_9)
FNDA:0,(anonymous_10)
FNDA:0,(anonymous_11)
FNDA:0,(anonymous_12)
FNDA:0,(anonymous_13)
FNDA:0,(anonymous_14)
FNDA:0,(anonymous_15)
FNDA:0,(anonymous_16)
FNDA:0,(anonymous_17)
FNDA:0,(anonymous_18)
FNDA:0,(anonymous_19)
FNDA:0,(anonymous_20)
FNDA:0,(anonymous_21)
FNDA:0,(anonymous_22)
FNDA:0,(anonymous_23)
FNDA:0,(anonymous_24)
FNDA:0,(anonymous_25)
FNDA:0,(anonymous_26)
FNDA:0,(anonymous_27)
FNDA:0,(anonymous_28)
FNDA:0,(anonymous_29)
FNDA:0,(anonymous_30)
FNDA:0,(anonymous_31)
FNDA:0,(anonymous_32)
FNDA:0,(anonymous_33)
FNDA:0,(anonymous_34)
FNDA:0,(anonymous_35)
FNDA:0,(anonymous_36)
FNDA:0,(anonymous_37)
FNDA:0,(anonymous_38)
FNDA:0,(anonymous_39)
FNDA:0,(anonymous_40)
FNDA:0,(anonymous_41)
DA:1,0
DA:3,0
DA:19,0
DA:32,0
DA:37,0
DA:38,0
DA:39,0
DA:40,0
DA:41,0
DA:43,0
DA:44,0
DA:46,0
DA:48,0
DA:52,0
DA:53,0
DA:55,0
DA:57,0
DA:61,0
DA:62,0
DA:65,0
DA:66,0
DA:69,0
DA:70,0
DA:73,0
DA:74,0
DA:77,0
DA:78,0
DA:80,0
DA:81,0
DA:83,0
DA:87,0
DA:88,0
DA:91,0
DA:92,0
DA:95,0
DA:96,0
DA:97,0
DA:104,0
DA:105,0
DA:106,0
DA:109,0
DA:110,0
DA:111,0
DA:112,0
DA:116,0
DA:117,0
DA:118,0
DA:119,0
DA:120,0
DA:124,0
DA:125,0
DA:133,0
DA:189,0
DA:192,0
DA:193,0
DA:200,0
DA:202,0
DA:203,0
DA:209,0
DA:219,0
DA:220,0
DA:258,0
DA:260,0
DA:261,0
DA:262,0
DA:263,0
DA:280,0
DA:281,0
DA:292,0
DA:345,0
DA:355,0
DA:382,0
DA:402,0
DA:421,0
DA:442,0
DA:464,0
DA:482,0
DA:506,0
DA:530,0
DA:549,0
DA:581,0
DA:583,0
DA:584,0
DA:587,0
DA:588,0
LF:85
LH:0
BRDA:44,0,0,0
BRDA:44,0,1,0
BRDA:53,1,0,0
BRDA:53,1,1,0
BRDA:78,2,0,0
BRDA:78,2,1,0
BRDA:110,3,0,0
BRDA:117,4,0,0
BRDA:129,5,0,0
BRDA:129,5,1,0
BRDA:136,6,0,0
BRDA:136,6,1,0
BRDA:147,7,0,0
BRDA:147,7,1,0
BRDA:195,8,0,0
BRDA:195,8,1,0
BRDA:202,9,0,0
BRDA:203,10,0,0
BRDA:231,11,0,0
BRDA:231,11,1,0
BRDA:231,12,0,0
BRDA:231,12,1,0
BRDA:231,13,0,0
BRDA:231,13,1,0
BRDA:251,14,0,0
BRDA:251,14,1,0
BRDA:253,15,0,0
BRDA:253,15,1,0
BRDA:260,16,0,0
BRDA:261,17,0,0
BRDA:318,18,0,0
BRDA:318,18,1,0
BRDA:323,19,0,0
BRDA:323,19,1,0
BRDA:347,20,0,0
BRDA:347,20,1,0
BRDA:357,21,0,0
BRDA:357,21,1,0
BRDA:368,22,0,0
BRDA:368,22,1,0
BRDA:577,23,0,0
BRDA:577,23,1,0
BRDA:584,24,0,0
BRDA:587,25,0,0
BRF:44
BRH:0
end_of_record
TN:
SF:src/components/Toast.tsx
FN:17,(anonymous_0)
FN:18,(anonymous_1)
FN:20,(anonymous_2)
FN:24,(anonymous_3)
FN:27,(anonymous_4)
FN:88,(anonymous_5)
FN:104,(anonymous_6)
FN:112,(anonymous_7)
FNF:8
FNH:1
FNDA:0,(anonymous_0)
FNDA:0,(anonymous_1)
FNDA:0,(anonymous_2)
FNDA:0,(anonymous_3)
FNDA:0,(anonymous_4)
FNDA:0,(anonymous_5)
FNDA:10,(anonymous_6)
FNDA:0,(anonymous_7)
DA:1,1
DA:17,1
DA:18,0
DA:19,0
DA:20,0
DA:21,0
DA:24,0
DA:27,0
DA:28,0
DA:30,0
DA:40,0
DA:50,0
DA:60,0
DA:72,0
DA:74,0
DA:88,0
DA:104,1
DA:105,10
DA:107,0
DA:113,0
LF:20
LH:4
BRDA:19,0,0,0
BRDA:19,0,1,0
BRDA:28,1,0,0
BRDA:28,1,1,0
BRDA:28,1,2,0
BRDA:28,1,3,0
BRDA:105,2,0,10
BRF:7
BRH:1
end_of_record
TN:
SF:src/components/Tooltip.tsx
FN:9,(anonymous_9)
FN:15,(anonymous_10)
FN:18,(anonymous_11)
FN:27,(anonymous_12)
FN:51,(anonymous_13)
FN:59,(anonymous_14)
FN:60,(anonymous_15)
FN:72,(anonymous_16)
FN:78,(anonymous_17)
FNF:9
FNH:5
FNDA:132,(anonymous_9)
FNDA:2,(anonymous_10)
FNDA:0,(anonymous_11)
FNDA:0,(anonymous_12)
FNDA:0,(anonymous_13)
FNDA:71,(anonymous_14)
FNDA:71,(anonymous_15)
FNDA:2,(anonymous_16)
FNDA:0,(anonymous_17)
DA:1,1
DA:9,1
DA:10,132
DA:11,132
DA:12,132
DA:13,132
DA:15,132
DA:16,2
DA:18,2
DA:20,0
DA:21,0
DA:23,0
DA:24,0
DA:27,0
DA:28,0
DA:29,0
DA:30,0
DA:31,0
DA:34,0
DA:35,0
DA:36,0
DA:37,0
DA:41,0
DA:42,0
DA:45,0
DA:51,132
DA:52,0
DA:53,0
DA:54,0
DA:56,0
DA:59,132
DA:60,71
DA:61,71
DA:62,2
DA:67,132
DA:69,132
DA:73,2
DA:74,2
DA:75,0
DA:79,0
DA:80,0
DA:81,0
LF:42
LH:18
BRDA:9,0,0,132
BRDA:28,1,0,0
BRDA:34,2,0,0
BRDA:34,2,1,0
BRDA:36,3,0,0
BRDA:41,4,0,0
BRDA:52,5,0,0
BRDA:61,6,0,2
BRDA:74,7,0,0
BRDA:80,8,0,0
BRDA:85,9,0,132
BRDA:85,9,1,0
BRF:12
BRH:3
end_of_record
TN:
SF:src/components/FileExplorer/components/FileContextMenu.tsx
FN:30,(anonymous_0)
FN:47,(anonymous_1)
FN:50,(anonymous_2)
FN:52,(anonymous_3)
FN:56,(anonymous_4)
FN:97,(anonymous_5)
FN:103,(anonymous_6)
FN:115,(anonymous_7)
FN:134,(anonymous_8)
FN:147,(anonymous_9)
FN:163,(anonymous_10)
FN:175,(anonymous_11)
FN:188,(anonymous_12)
FN:200,(anonymous_13)
FN:213,(anonymous_14)
FNF:15
FNH:0
FNDA:0,(anonymous_0)
FNDA:0,(anonymous_1)
FNDA:0,(anonymous_2)
FNDA:0,(anonymous_3)
FNDA:0,(anonymous_4)
FNDA:0,(anonymous_5)
FNDA:0,(anonymous_6)
FNDA:0,(anonymous_7)
FNDA:0,(anonymous_8)
FNDA:0,(anonymous_9)
FNDA:0,(anonymous_10)
FNDA:0,(anonymous_11)
FNDA:0,(anonymous_12)
FNDA:0,(anonymous_13)
FNDA:0,(anonymous_14)
DA:1,1
DA:30,1
DA:43,0
DA:44,0
DA:47,0
DA:48,0
DA:50,0
DA:51,0
DA:52,0
DA:56,0
DA:57,0
DA:59,0
DA:60,0
DA:61,0
DA:63,0
DA:66,0
DA:67,0
DA:69,0
DA:70,0
DA:74,0
DA:75,0
DA:77,0
DA:78,0
DA:81,0
DA:84,0
DA:86,0
DA:87,0
DA:89,0
DA:97,0
DA:104,0
DA:105,0
DA:116,0
DA:117,0
DA:135,0
DA:136,0
DA:148,0
DA:149,0
DA:164,0
DA:165,0
DA:176,0
DA:177,0
DA:189,0
DA:190,0
DA:201,0
DA:202,0
DA:214,0
DA:215,0
LF:47
LH:2
BRDA:48,0,0,0
BRDA:57,1,0,0
BRDA:57,2,0,0
BRDA:57,2,1,0
BRDA:66,3,0,0
BRDA:69,4,0,0
BRDA:74,5,0,0
BRDA:77,6,0,0
BRDA:84,7,0,0
BRDA:87,8,0,0
BRDA:87,8,1,0
BRDA:94,9,0,0
BRDA:94,9,1,0
BRDA:94,10,0,0
BRDA:94,10,1,0
BRDA:94,11,0,0
BRDA:94,11,1,0
BRDA:94,12,0,0
BRDA:94,12,1,0
BRDA:95,13,0,0
BRDA:95,13,1,0
BRDA:95,14,0,0
BRDA:95,14,1,0
BRDA:95,15,0,0
BRDA:95,15,1,0
BRDA:95,16,0,0
BRDA:95,16,1,0
BRDA:99,17,0,0
BRDA:99,17,1,0
BRDA:127,18,0,0
BRDA:127,18,1,0
BRF:31
BRH:0
end_of_record
TN:
SF:src/components/FileExplorer/components/FileInputDialog.tsx
FN:15,(anonymous_0)
FN:35,(anonymous_1)
FN:36,(anonymous_2)
FNF:3
FNH:0
FNDA:0,(anonymous_0)
FNDA:0,(anonymous_1)
FNDA:0,(anonymous_2)
DA:15,1
DA:22,0
DA:24,0
DA:35,0
DA:37,0
DA:38,0
LF:6
LH:1
BRDA:27,0,0,0
BRDA:27,0,1,0
BRDA:37,1,0,0
BRDA:38,2,0,0
BRDA:40,3,0,0
BRDA:40,3,1,0
BRDA:42,4,0,0
BRDA:42,4,1,0
BRDA:52,5,0,0
BRDA:52,5,1,0
BRF:10
BRH:0
end_of_record
TN:
SF:src/components/FileExplorer/components/FileItem.tsx
FN:42,(anonymous_0)
FN:78,(anonymous_1)
FN:79,(anonymous_2)
FNF:3
FNH:1
FNDA:28,(anonymous_0)
FNDA:0,(anonymous_1)
FNDA:0,(anonymous_2)
DA:3,1
DA:42,1
DA:64,28
DA:67,28
DA:68,0
DA:78,0
DA:80,0
DA:81,0
DA:92,28
DA:104,28
LF:10
LH:6
BRDA:67,0,0,0
BRDA:73,1,0,0
BRDA:73,1,1,0
BRDA:74,2,0,0
BRDA:74,2,1,0
BRDA:80,3,0,0
BRDA:81,4,0,0
BRDA:93,5,0,0
BRDA:93,5,1,28
BRDA:93,6,0,28
BRDA:93,6,1,0
BRDA:95,7,0,0
BRDA:95,7,1,28
BRDA:97,8,0,0
BRDA:97,8,1,28
BRDA:99,9,0,0
BRDA:99,9,1,28
BRDA:99,10,0,28
BRDA:99,10,1,0
BRDA:119,11,0,28
BRDA:119,11,1,9
BRDA:122,12,0,1
BRDA:122,12,1,8
BRDA:136,13,0,28
BRDA:136,13,1,19
BRF:25
BRH:12
end_of_record
TN:
SF:src/components/FileExplorer/components/FileList.tsx
FN:45,(anonymous_0)
FN:71,(anonymous_1)
FN:80,(anonymous_2)
FN:84,(anonymous_3)
FN:86,(anonymous_4)
FN:87,(anonymous_5)
FN:88,(anonymous_6)
FN:89,(anonymous_7)
FN:91,(anonymous_8)
FN:92,(anonymous_9)
FNF:10
FNH:3
FNDA:18,(anonymous_0)
FNDA:28,(anonymous_1)
FNDA:0,(anonymous_2)
FNDA:0,(anonymous_3)
FNDA:0,(anonymous_4)
FNDA:0,(anonymous_5)
FNDA:0,(anonymous_6)
FNDA:0,(anonymous_7)
FNDA:2,(anonymous_8)
FNDA:0,(anonymous_9)
DA:3,1
DA:45,1
DA:69,18
DA:72,28
DA:80,0
DA:84,0
DA:86,0
DA:87,0
DA:88,0
DA:89,0
DA:91,2
DA:92,0
LF:12
LH:5
BRDA:47,0,0,0
BRDA:97,1,0,28
BRDA:97,1,1,9
BRDA:97,1,2,1
BRDA:97,1,3,1
BRF:5
BRH:4
end_of_record
TN:
SF:src/components/FileExplorer/components/FileToolbar.tsx
FN:29,(anonymous_0)
FN:120,(anonymous_1)
FN:123,(anonymous_2)
FNF:3
FNH:1
FNDA:19,(anonymous_0)
FNDA:0,(anonymous_1)
FNDA:0,(anonymous_2)
DA:3,1
DA:4,1
DA:29,1
DA:42,19
DA:51,19
DA:121,0
DA:124,0
DA:125,0
LF:8
LH:5
BRDA:55,0,0,19
BRDA:55,0,1,17
BRDA:84,1,0,1
BRDA:84,1,1,16
BRDA:86,2,0,1
BRDA:86,2,1,16
BRDA:88,3,0,1
BRDA:88,3,1,16
BRDA:90,4,0,1
BRDA:90,4,1,16
BRDA:115,5,0,17
BRDA:115,5,1,0
BRDA:128,6,0,0
BRDA:128,6,1,0
BRF:14
BRH:11
end_of_record
TN:
SF:src/components/FileExplorer/hooks/useDragAndDrop.ts
FN:30,(anonymous_7)
FN:45,(anonymous_8)
FN:46,(anonymous_9)
FN:54,(anonymous_10)
FN:72,(anonymous_11)
FN:97,(anonymous_12)
FN:107,(anonymous_13)
FN:118,(anonymous_14)
FN:118,(anonymous_15)
FN:186,(anonymous_16)
FN:186,(anonymous_17)
FN:237,(anonymous_18)
FNF:12
FNH:11
FNDA:68,(anonymous_7)
FNDA:35,(anonymous_8)
FNDA:35,(anonymous_9)
FNDA:12,(anonymous_10)
FNDA:7,(anonymous_11)
FNDA:3,(anonymous_12)
FNDA:0,(anonymous_13)
FNDA:6,(anonymous_14)
FNDA:6,(anonymous_15)
FNDA:2,(anonymous_16)
FNDA:2,(anonymous_17)
FNDA:2,(anonymous_18)
DA:1,2
DA:3,2
DA:30,2
DA:38,68
DA:40,68
DA:41,68
DA:42,68
DA:45,68
DA:46,35
DA:47,35
DA:48,5
DA:54,68
DA:57,12
DA:58,3
DA:59,3
DA:60,6
DA:61,6
DA:63,3
DA:65,9
DA:67,12
DA:68,12
DA:72,68
DA:73,7
DA:74,7
DA:77,7
DA:78,1
DA:79,1
DA:80,1
DA:84,6
DA:87,6
DA:88,6
DA:89,1
DA:92,6
DA:96,6
DA:97,5
DA:98,3
DA:99,3
DA:101,5
DA:107,68
DA:118,68
DA:120,6
DA:122,0
DA:125,6
DA:126,6
DA:129,6
DA:130,0
DA:131,0
DA:134,6
DA:136,6
DA:137,0
DA:141,6
DA:142,1
DA:145,5
DA:146,5
DA:148,5
DA:150,7
DA:151,1
DA:155,6
DA:156,1
DA:157,1
DA:161,5
DA:162,5
DA:164,5
DA:165,5
DA:166,4
DA:168,1
DA:169,1
DA:174,5
DA:176,5
DA:177,1
DA:178,4
DA:179,2
DA:182,5
DA:186,68
DA:187,2
DA:190,2
DA:191,0
DA:192,0
DA:195,2
DA:197,2
DA:198,0
DA:201,2
DA:202,2
DA:204,2
DA:206,2
DA:207,2
DA:208,1
DA:212,1
DA:213,1
DA:215,1
DA:216,1
DA:217,1
DA:219,0
DA:220,0
DA:225,2
DA:227,2
DA:228,0
DA:229,2
DA:230,1
DA:233,2
DA:237,68
DA:239,2
DA:240,1
DA:241,1
DA:244,2
DA:245,2
DA:248,68
LF:107
LH:97
BRDA:47,0,0,5
BRDA:57,1,0,3
BRDA:57,1,1,9
BRDA:57,2,0,12
BRDA:57,2,1,3
BRDA:61,3,0,6
BRDA:77,4,0,1
BRDA:87,5,0,6
BRDA:88,6,0,1
BRDA:96,7,0,5
BRDA:120,8,0,0
BRDA:120,9,0,6
BRDA:120,9,1,1
BRDA:129,10,0,0
BRDA:136,11,0,0
BRDA:136,12,0,6
BRDA:136,12,1,6
BRDA:136,12,2,6
BRDA:141,13,0,1
BRDA:150,14,0,1
BRDA:155,15,0,1
BRDA:165,16,0,4
BRDA:165,16,1,1
BRDA:176,17,0,1
BRDA:176,17,1,4
BRDA:178,18,0,2
BRDA:190,19,0,0
BRDA:197,20,0,0
BRDA:197,21,0,2
BRDA:197,21,1,2
BRDA:197,21,2,2
BRDA:207,22,0,1
BRDA:216,23,0,1
BRDA:216,23,1,0
BRDA:227,24,0,0
BRDA:227,24,1,2
BRDA:229,25,0,1
BRDA:239,26,0,1
BRF:38
BRH:31
end_of_record
TN:
SF:src/components/FileExplorer/hooks/useFileOperations.ts
FN:57,(anonymous_7)
FN:83,(anonymous_8)
FN:101,(anonymous_9)
FN:107,(anonymous_10)
FN:107,(anonymous_11)
FN:121,(anonymous_12)
FN:127,(anonymous_13)
FN:127,(anonymous_14)
FN:154,(anonymous_15)
FN:154,(anonymous_16)
FN:192,(anonymous_17)
FN:197,(anonymous_18)
FN:197,(anonymous_19)
FN:218,(anonymous_20)
FN:224,(anonymous_21)
FN:224,(anonymous_22)
FN:237,(anonymous_23)
FN:237,(anonymous_24)
FN:263,(anonymous_25)
FN:263,(anonymous_26)
FN:289,(anonymous_27)
FN:294,(anonymous_28)
FN:294,(anonymous_29)
FN:304,(anonymous_30)
FN:304,(anonymous_31)
FNF:25
FNH:21
FNDA:84,(anonymous_7)
FNDA:4,(anonymous_8)
FNDA:1,(anonymous_9)
FNDA:5,(anonymous_10)
FNDA:5,(anonymous_11)
FNDA:1,(anonymous_12)
FNDA:4,(anonymous_13)
FNDA:4,(anonymous_14)
FNDA:3,(anonymous_15)
FNDA:3,(anonymous_16)
FNDA:6,(anonymous_17)
FNDA:4,(anonymous_18)
FNDA:4,(anonymous_19)
FNDA:1,(anonymous_20)
FNDA:3,(anonymous_21)
FNDA:3,(anonymous_22)
FNDA:2,(anonymous_23)
FNDA:2,(anonymous_24)
FNDA:3,(anonymous_25)
FNDA:3,(anonymous_26)
FNDA:3,(anonymous_27)
FNDA:0,(anonymous_28)
FNDA:0,(anonymous_29)
FNDA:0,(anonymous_30)
FNDA:0,(anonymous_31)
DA:1,2
DA:3,2
DA:57,2
DA:65,84
DA:68,84
DA:69,84
DA:72,84
DA:73,84
DA:76,84
DA:77,84
DA:80,84
DA:83,84
DA:84,4
DA:85,3
DA:88,3
DA:89,3
DA:91,3
DA:92,1
DA:95,3
DA:96,3
DA:97,3
DA:101,84
DA:102,1
DA:103,1
DA:107,84
DA:108,5
DA:110,3
DA:111,3
DA:112,2
DA:113,2
DA:114,2
DA:115,2
DA:117,1
DA:121,84
DA:122,1
DA:123,1
DA:127,84
DA:128,4
DA:130,4
DA:134,4
DA:136,3
DA:140,3
DA:142,2
DA:143,2
DA:146,2
DA:147,2
DA:149,1
DA:154,84
DA:155,3
DA:157,2
DA:158,2
DA:160,2
DA:161,2
DA:163,2
DA:164,4
DA:165,4
DA:167,4
DA:171,4
DA:172,3
DA:173,3
DA:174,3
DA:177,1
DA:178,1
DA:182,2
DA:184,2
DA:185,1
DA:187,1
DA:192,84
DA:193,6
DA:194,6
DA:197,84
DA:198,4
DA:199,2
DA:200,2
DA:203,2
DA:204,2
DA:206,2
DA:207,2
DA:208,1
DA:209,1
DA:211,1
DA:214,2
DA:215,2
DA:218,84
DA:219,1
DA:220,1
DA:224,84
DA:225,3
DA:227,2
DA:228,2
DA:229,1
DA:230,1
DA:232,1
DA:237,84
DA:238,2
DA:240,2
DA:241,2
DA:243,2
DA:244,4
DA:245,4
DA:246,3
DA:248,1
DA:249,1
DA:253,2
DA:255,2
DA:256,1
DA:258,1
DA:263,84
DA:264,3
DA:266,1
DA:267,1
DA:269,1
DA:270,2
DA:271,2
DA:272,2
DA:274,0
DA:275,0
DA:279,1
DA:281,1
DA:282,0
DA:284,1
DA:289,84
DA:290,3
DA:294,84
DA:295,0
DA:297,0
DA:298,0
DA:299,0
DA:304,84
DA:305,0
DA:307,0
DA:308,0
DA:309,0
DA:313,84
LF:134
LH:123
BRDA:84,0,0,3
BRDA:89,1,0,3
BRDA:89,1,1,2
BRDA:91,2,0,1
BRDA:108,3,0,2
BRDA:108,4,0,5
BRDA:108,4,1,4
BRDA:108,4,2,3
BRDA:111,5,0,2
BRDA:111,5,1,1
BRDA:128,6,0,0
BRDA:128,7,0,4
BRDA:128,7,1,4
BRDA:130,8,0,1
BRDA:130,8,1,3
BRDA:134,9,0,1
BRDA:136,10,0,1
BRDA:136,10,1,2
BRDA:140,11,0,2
BRDA:140,11,1,1
BRDA:142,12,0,2
BRDA:155,13,0,1
BRDA:155,14,0,3
BRDA:155,14,1,3
BRDA:155,14,2,3
BRDA:158,15,0,0
BRDA:165,16,0,0
BRDA:167,17,0,0
BRDA:167,17,1,4
BRDA:171,18,0,3
BRDA:171,18,1,1
BRDA:173,19,0,3
BRDA:184,20,0,1
BRDA:184,20,1,1
BRDA:198,21,0,2
BRDA:198,22,0,4
BRDA:198,22,1,4
BRDA:198,22,2,3
BRDA:207,23,0,1
BRDA:207,23,1,1
BRDA:225,24,0,1
BRDA:225,25,0,3
BRDA:225,25,1,3
BRDA:228,26,0,1
BRDA:228,26,1,1
BRDA:238,27,0,0
BRDA:238,28,0,2
BRDA:238,28,1,2
BRDA:238,28,2,2
BRDA:245,29,0,3
BRDA:245,29,1,1
BRDA:255,30,0,1
BRDA:255,30,1,1
BRDA:264,31,0,2
BRDA:264,32,0,3
BRDA:264,32,1,2
BRDA:264,32,2,2
BRDA:271,33,0,2
BRDA:271,33,1,0
BRDA:281,34,0,0
BRDA:281,34,1,1
BRDA:295,35,0,0
BRDA:298,36,0,0
BRDA:305,37,0,0
BRDA:308,38,0,0
BRF:65
BRH:54
end_of_record
TN:
SF:src/components/FileExplorer/hooks/useFileSelection.ts
FN:26,(anonymous_7)
FN:40,(anonymous_8)
FN:40,(anonymous_9)
FN:45,(anonymous_10)
FN:45,(anonymous_11)
FN:56,(anonymous_12)
FN:57,(anonymous_13)
FN:62,(anonymous_14)
FN:79,(anonymous_15)
FN:84,(anonymous_16)
FN:121,(anonymous_17)
FNF:11
FNH:11
FNDA:45,(anonymous_7)
FNDA:5,(anonymous_8)
FNDA:5,(anonymous_9)
FNDA:16,(anonymous_10)
FNDA:16,(anonymous_11)
FNDA:7,(anonymous_12)
FNDA:11,(anonymous_13)
FNDA:14,(anonymous_14)
FNDA:4,(anonymous_15)
FNDA:1,(anonymous_16)
FNDA:3,(anonymous_17)
DA:1,2
DA:26,2
DA:37,45
DA:40,45
DA:41,5
DA:45,45
DA:46,16
DA:47,16
DA:48,16
DA:51,16
DA:52,9
DA:54,4
DA:55,4
DA:56,7
DA:57,11
DA:59,4
DA:60,4
DA:61,4
DA:62,14
DA:65,4
DA:68,4
DA:69,2
DA:71,4
DA:73,5
DA:75,5
DA:77,5
DA:79,4
DA:80,2
DA:83,2
DA:84,1
DA:85,1
DA:86,1
DA:88,1
DA:89,1
DA:90,1
DA:95,3
DA:96,3
DA:99,3
DA:100,2
DA:102,3
DA:107,7
DA:109,2
DA:110,2
DA:111,2
DA:114,5
DA:115,5
DA:121,45
DA:122,3
DA:125,45
LF:49
LH:49
BRDA:47,0,0,1
BRDA:47,0,1,15
BRDA:51,1,0,9
BRDA:51,1,1,7
BRDA:51,2,0,16
BRDA:51,2,1,12
BRDA:52,3,0,4
BRDA:52,3,1,5
BRDA:52,4,0,9
BRDA:52,4,1,4
BRDA:52,4,2,1
BRDA:55,5,0,4
BRDA:55,5,1,1
BRDA:59,6,0,4
BRDA:59,7,0,4
BRDA:59,7,1,4
BRDA:68,8,0,2
BRDA:73,9,0,5
BRDA:77,10,0,2
BRDA:77,10,1,3
BRDA:80,11,0,2
BRDA:80,11,1,0
BRDA:83,12,0,1
BRDA:83,13,0,2
BRDA:83,13,1,1
BRDA:86,14,0,0
BRDA:86,14,1,1
BRDA:86,15,0,1
BRDA:86,15,1,1
BRDA:88,16,0,1
BRDA:99,17,0,2
BRDA:107,18,0,2
BRDA:107,18,1,5
BRF:33
BRH:31
end_of_record
TN:
SF:src/components/FileExplorer/hooks/useFileTree.ts
FN:35,(anonymous_7)
FN:46,(anonymous_8)
FN:47,(anonymous_9)
FN:75,(anonymous_10)
FN:75,(anonymous_11)
FN:85,(anonymous_12)
FN:85,(anonymous_13)
FN:94,(anonymous_14)
FN:101,(anonymous_15)
FN:101,(anonymous_16)
FN:105,(anonymous_17)
FN:110,(anonymous_18)
FN:110,(anonymous_19)
FN:122,(anonymous_20)
FN:129,(anonymous_21)
FN:143,(anonymous_22)
FN:148,(anonymous_23)
FN:163,(anonymous_24)
FN:166,(anonymous_25)
FN:184,(anonymous_26)
FN:193,(anonymous_27)
FN:200,(anonymous_28)
FNF:22
FNH:20
FNDA:52,(anonymous_7)
FNDA:27,(anonymous_8)
FNDA:44,(anonymous_9)
FNDA:48,(anonymous_10)
FNDA:48,(anonymous_11)
FNDA:9,(anonymous_12)
FNDA:9,(anonymous_13)
FNDA:6,(anonymous_14)
FNDA:1,(anonymous_15)
FNDA:1,(anonymous_16)
FNDA:2,(anonymous_17)
FNDA:2,(anonymous_18)
FNDA:2,(anonymous_19)
FNDA:2,(anonymous_20)
FNDA:0,(anonymous_21)
FNDA:1,(anonymous_22)
FNDA:0,(anonymous_23)
FNDA:1,(anonymous_24)
FNDA:2,(anonymous_25)
FNDA:22,(anonymous_26)
FNDA:22,(anonymous_27)
FNDA:23,(anonymous_28)
DA:1,2
DA:35,2
DA:41,52
DA:42,52
DA:43,52
DA:46,52
DA:47,27
DA:49,44
DA:50,30
DA:54,14
DA:56,11
DA:58,1
DA:60,1
DA:62,1
DA:64,0
DA:66,0
DA:68,0
DA:71,27
DA:75,52
DA:76,48
DA:77,48
DA:78,48
DA:80,48
DA:81,48
DA:85,52
DA:86,9
DA:87,9
DA:88,2
DA:90,7
DA:92,7
DA:93,6
DA:94,6
DA:97,9
DA:101,52
DA:102,1
DA:105,2
DA:106,1
DA:107,1
DA:110,2
DA:111,2
DA:113,2
DA:114,2
DA:117,2
DA:118,2
DA:119,2
DA:122,2
DA:123,2
DA:124,1
DA:128,0
DA:129,0
DA:130,0
DA:131,0
DA:137,1
DA:138,1
DA:139,1
DA:143,52
DA:144,1
DA:148,52
DA:149,0
DA:150,0
DA:151,0
DA:152,0
DA:153,0
DA:154,0
DA:155,0
DA:159,0
DA:163,52
DA:164,1
DA:166,1
DA:167,2
DA:168,2
DA:169,3
DA:170,3
DA:171,1
DA:172,1
DA:173,1
DA:179,1
DA:180,1
DA:184,52
DA:185,22
DA:186,16
DA:188,6
DA:193,52
DA:194,22
DA:195,15
DA:200,52
DA:201,23
DA:202,17
DA:206,52
LF:89
LH:74
BRDA:38,0,0,10
BRDA:39,1,0,29
BRDA:49,2,0,30
BRDA:50,3,0,29
BRDA:50,3,1,1
BRDA:54,4,0,11
BRDA:54,4,1,1
BRDA:54,4,2,1
BRDA:54,4,3,1
BRDA:54,4,4,0
BRDA:54,4,5,0
BRDA:54,4,6,0
BRDA:60,5,0,1
BRDA:60,5,1,0
BRDA:60,6,0,0
BRDA:60,6,1,1
BRDA:60,7,0,1
BRDA:60,7,1,1
BRDA:60,8,0,1
BRDA:60,8,1,0
BRDA:60,9,0,0
BRDA:60,9,1,1
BRDA:60,10,0,1
BRDA:60,10,1,1
BRDA:62,11,0,1
BRDA:62,11,1,0
BRDA:62,12,0,0
BRDA:62,12,1,1
BRDA:62,13,0,1
BRDA:62,13,1,1
BRDA:62,14,0,1
BRDA:62,14,1,0
BRDA:62,15,0,0
BRDA:62,15,1,1
BRDA:62,16,0,1
BRDA:62,16,1,1
BRDA:64,17,0,0
BRDA:64,17,1,0
BRDA:64,18,0,0
BRDA:64,18,1,0
BRDA:64,19,0,0
BRDA:64,19,1,0
BRDA:64,20,0,0
BRDA:64,20,1,0
BRDA:64,21,0,0
BRDA:64,21,1,0
BRDA:64,22,0,0
BRDA:64,22,1,0
BRDA:66,23,0,0
BRDA:66,23,1,0
BRDA:66,24,0,0
BRDA:66,24,1,0
BRDA:66,25,0,0
BRDA:66,25,1,0
BRDA:66,26,0,0
BRDA:66,26,1,0
BRDA:66,27,0,0
BRDA:66,27,1,0
BRDA:66,28,0,0
BRDA:66,28,1,0
BRDA:76,29,0,0
BRDA:87,30,0,2
BRDA:87,30,1,7
BRDA:92,31,0,6
BRDA:92,32,0,7
BRDA:92,32,1,6
BRDA:102,33,0,0
BRDA:102,34,0,1
BRDA:102,34,1,1
BRDA:111,35,0,0
BRDA:117,36,0,2
BRDA:117,36,1,0
BRDA:123,37,0,1
BRDA:130,38,0,0
BRDA:151,39,0,0
BRDA:154,40,0,0
BRDA:170,41,0,1
BRDA:170,42,0,3
BRDA:170,42,1,1
BRDA:172,43,0,1
BRDA:185,44,0,16
BRDA:185,44,1,6
BRDA:185,45,0,22
BRDA:185,45,1,16
BRDA:194,46,0,15
BRDA:194,47,0,22
BRDA:194,47,1,16
BRDA:194,47,2,15
BRDA:201,48,0,17
BRDA:201,49,0,23
BRDA:201,49,1,17
BRF:91
BRH:49
end_of_record
TN:
SF:src/components/FileExplorer/hooks/useKeyboardShortcuts.ts
FN:23,(anonymous_0)
FN:37,(anonymous_1)
FN:38,(anonymous_2)
FN:120,(anonymous_3)
FNF:4
FNH:4
FNDA:42,(anonymous_0)
FNDA:42,(anonymous_1)
FNDA:25,(anonymous_2)
FNDA:42,(anonymous_3)
DA:1,2
DA:23,2
DA:37,42
DA:38,42
DA:40,25
DA:43,19
DA:44,19
DA:45,17
DA:47,17
DA:48,17
DA:51,17
DA:52,17
DA:55,17
DA:56,2
DA:57,2
DA:58,0
DA:60,2
DA:62,2
DA:66,15
DA:67,3
DA:68,3
DA:70,1
DA:71,1
DA:72,2
DA:73,2
DA:75,1
DA:77,2
DA:79,3
DA:83,12
DA:84,2
DA:85,2
DA:86,2
DA:90,10
DA:91,3
DA:92,3
DA:93,1
DA:95,2
DA:97,3
DA:101,7
DA:102,1
DA:103,1
DA:104,1
DA:108,6
DA:109,3
DA:110,3
DA:111,1
DA:113,2
DA:115,3
DA:119,42
DA:120,42
LF:50
LH:49
BRDA:40,0,0,6
BRDA:40,1,0,25
BRDA:40,1,1,22
BRDA:44,2,0,2
BRDA:44,3,0,19
BRDA:44,3,1,18
BRDA:45,4,0,0
BRDA:48,5,0,6
BRDA:48,5,1,11
BRDA:52,6,0,0
BRDA:55,7,0,2
BRDA:55,8,0,17
BRDA:55,8,1,10
BRDA:57,9,0,0
BRDA:57,9,1,2
BRDA:66,10,0,3
BRDA:66,11,0,15
BRDA:66,11,1,8
BRDA:68,12,0,1
BRDA:68,12,1,2
BRDA:73,13,0,2
BRDA:83,14,0,2
BRDA:83,15,0,12
BRDA:83,15,1,5
BRDA:83,15,2,2
BRDA:90,16,0,3
BRDA:90,17,0,10
BRDA:90,17,1,3
BRDA:92,18,0,1
BRDA:92,18,1,2
BRDA:101,19,0,1
BRDA:101,20,0,7
BRDA:101,20,1,2
BRDA:108,21,0,3
BRDA:108,22,0,6
BRDA:108,22,1,4
BRDA:108,22,2,3
BRDA:110,23,0,1
BRDA:110,23,1,2
BRF:39
BRH:36
end_of_record
TN:
SF:src/components/FileExplorer/utils/fileUtils.ts
FN:7,(anonymous_1)
FN:27,(anonymous_2)
FN:33,(anonymous_3)
FN:38,(anonymous_4)
FN:47,(anonymous_5)
FN:73,(anonymous_6)
FN:77,(anonymous_7)
FN:78,(anonymous_8)
FN:92,(anonymous_9)
FN:105,(anonymous_10)
FN:130,(anonymous_11)
FN:137,(anonymous_12)
FN:138,(anonymous_13)
FN:145,(anonymous_14)
FN:158,(anonymous_15)
FNF:15
FNH:6
FNDA:0,(anonymous_1)
FNDA:0,(anonymous_2)
FNDA:0,(anonymous_3)
FNDA:0,(anonymous_4)
FNDA:38,(anonymous_5)
FNDA:0,(anonymous_6)
FNDA:0,(anonymous_7)
FNDA:0,(anonymous_8)
FNDA:0,(anonymous_9)
FNDA:0,(anonymous_10)
FNDA:9,(anonymous_11)
FNDA:1,(anonymous_12)
FNDA:1,(anonymous_13)
FNDA:19,(anonymous_14)
FNDA:9,(anonymous_15)
DA:1,1
DA:7,1
DA:8,0
DA:10,0
DA:12,0
DA:14,0
DA:16,0
DA:18,0
DA:20,0
DA:27,1
DA:33,0
DA:34,0
DA:37,0
DA:38,0
DA:39,0
DA:41,0
DA:47,1
DA:48,38
DA:50,38
DA:51,38
DA:52,38
DA:53,38
DA:54,38
DA:56,38
DA:57,38
DA:58,38
DA:59,38
DA:61,38
DA:73,1
DA:74,0
DA:75,0
DA:77,0
DA:78,0
DA:80,0
DA:81,0
DA:82,0
DA:83,0
DA:85,0
DA:92,1
DA:98,0
DA:100,0
DA:101,0
DA:105,0
DA:106,0
DA:107,0
DA:108,0
DA:111,0
DA:115,0
DA:116,0
DA:119,0
DA:120,0
DA:121,0
DA:124,0
DA:130,1
DA:134,9
DA:135,9
DA:137,1
DA:138,1
DA:139,1
DA:145,1
DA:146,19
DA:158,1
DA:162,9
DA:164,9
LF:64
LH:28
BRDA:8,0,0,0
BRDA:8,0,1,0
BRDA:8,0,2,0
BRDA:8,0,3,0
BRDA:8,0,4,0
BRDA:8,0,5,0
BRDA:34,1,0,0
BRDA:39,2,0,0
BRDA:48,3,0,0
BRDA:56,4,0,0
BRDA:57,5,0,0
BRDA:58,6,0,0
BRDA:59,7,0,0
BRDA:74,8,0,0
BRDA:75,9,0,0
BRDA:80,10,0,0
BRDA:80,10,1,0
BRDA:80,11,0,0
BRDA:80,11,1,0
BRDA:82,12,0,0
BRDA:82,12,1,0
BRDA:98,13,0,0
BRDA:100,14,0,0
BRDA:101,15,0,0
BRDA:101,15,1,0
BRDA:101,16,0,0
BRDA:101,16,1,0
BRDA:101,17,0,0
BRDA:101,17,1,0
BRDA:107,18,0,0
BRDA:107,19,0,0
BRDA:107,19,1,0
BRDA:116,20,0,0
BRDA:121,21,0,0
BRDA:135,22,0,8
BRDA:166,23,0,1
BRDA:166,23,1,8
BRF:37
BRH:3
end_of_record
TN:
SF:src/contexts/ToastContext.tsx
FN:15,(anonymous_0)
FN:27,(anonymous_1)
FN:30,(anonymous_2)
FN:39,(anonymous_3)
FN:42,(anonymous_4)
FN:43,(anonymous_5)
FN:43,(anonymous_6)
FN:46,(anonymous_7)
FN:50,(anonymous_8)
FN:54,(anonymous_9)
FN:58,(anonymous_10)
FNF:11
FNH:2
FNDA:40,(anonymous_0)
FNDA:10,(anonymous_1)
FNDA:0,(anonymous_2)
FNDA:0,(anonymous_3)
FNDA:0,(anonymous_4)
FNDA:0,(anonymous_5)
FNDA:0,(anonymous_6)
FNDA:0,(anonymous_7)
FNDA:0,(anonymous_8)
FNDA:0,(anonymous_9)
FNDA:0,(anonymous_10)
DA:1,1
DA:2,1
DA:13,1
DA:15,1
DA:16,40
DA:17,40
DA:18,0
DA:20,40
DA:27,1
DA:28,10
DA:30,10
DA:31,0
DA:32,0
DA:39,0
DA:42,10
DA:43,0
DA:46,10
DA:47,0
DA:50,10
DA:51,0
DA:54,10
DA:55,0
DA:58,10
DA:59,0
DA:62,10
DA:70,10
LF:26
LH:17
BRDA:17,0,0,0
BRF:1
BRH:0
end_of_record
TN:
SF:src/hooks/useCaretTracking.ts
FN:4,(anonymous_0)
FN:7,(anonymous_1)
FN:53,(anonymous_2)
FN:67,(anonymous_3)
FN:81,(anonymous_4)
FNF:5
FNH:0
FNDA:0,(anonymous_0)
FNDA:0,(anonymous_1)
FNDA:0,(anonymous_2)
FNDA:0,(anonymous_3)
FNDA:0,(anonymous_4)
DA:1,0
DA:4,0
DA:5,0
DA:7,0
DA:8,0
DA:10,0
DA:11,0
DA:13,0
DA:14,0
DA:20,0
DA:23,0
DA:26,0
DA:27,0
DA:28,0
DA:29,0
DA:32,0
DA:34,0
DA:35,0
DA:38,0
DA:41,0
DA:42,0
DA:45,0
DA:50,0
DA:53,0
DA:54,0
DA:55,0
DA:56,0
DA:57,0
DA:58,0
DA:60,0
DA:67,0
DA:68,0
DA:69,0
DA:72,0
DA:73,0
DA:74,0
DA:75,0
DA:76,0
DA:79,0
DA:81,0
DA:82,0
DA:83,0
DA:84,0
DA:85,0
DA:86,0
DA:90,0
LF:46
LH:0
BRDA:8,0,0,0
BRDA:11,1,0,0
BRDA:11,2,0,0
BRDA:11,2,1,0
BRDA:26,3,0,0
BRDA:26,4,0,0
BRDA:26,4,1,0
BRDA:38,5,0,0
BRDA:38,5,1,0
BRDA:38,6,0,0
BRDA:38,6,1,0
BRDA:55,7,0,0
BRDA:55,8,0,0
BRDA:55,8,1,0
BRDA:69,9,0,0
BRF:15
BRH:0
end_of_record
TN:
SF:src/test-utils/testUtils.tsx
FN:14,(anonymous_5)
FN:18,(anonymous_6)
FN:28,(anonymous_7)
FN:45,(anonymous_8)
FN:46,(anonymous_9)
FN:57,(anonymous_10)
FN:74,(anonymous_11)
FN:75,(anonymous_12)
FN:81,(anonymous_13)
FN:87,(anonymous_14)
FNF:10
FNH:2
FNDA:10,(anonymous_5)
FNDA:10,(anonymous_6)
FNDA:0,(anonymous_7)
FNDA:0,(anonymous_8)
FNDA:0,(anonymous_9)
FNDA:0,(anonymous_10)
FNDA:0,(anonymous_11)
FNDA:0,(anonymous_12)
FNDA:0,(anonymous_13)
FNDA:0,(anonymous_14)
DA:7,1
DA:8,1
DA:14,1
DA:15,10
DA:18,1
DA:22,10
DA:28,1
DA:31,0
DA:39,0
DA:45,1
DA:46,0
DA:47,0
DA:57,1
DA:60,0
DA:68,0
DA:74,1
DA:75,0
DA:81,1
DA:86,1
DA:87,1
LF:20
LH:13
BRF:0
BRH:0
end_of_record
